{"/home/semicolon/Desktop/GRANTFOX/grylock/grydlock-extension/src/adapter/oracleAdapter.ts": {"path":"/home/semicolon/Desktop/GRANTFOX/grylock/grydlock-extension/src/adapter/oracleAdapter.ts","all":false,"statementMap":{"5":{"start":{"line":6,"column":0},"end":{"line":6,"column":70}},"6":{"start":{"line":7,"column":0},"end":{"line":7,"column":58}},"7":{"start":{"line":8,"column":0},"end":{"line":8,"column":34}},"8":{"start":{"line":9,"column":0},"end":{"line":9,"column":1}},"10":{"start":{"line":11,"column":0},"end":{"line":11,"column":52}},"11":{"start":{"line":12,"column":0},"end":{"line":12,"column":14}},"12":{"start":{"line":13,"column":0},"end":{"line":13,"column":48}},"13":{"start":{"line":14,"column":0},"end":{"line":14,"column":56}},"14":{"start":{"line":15,"column":0},"end":{"line":15,"column":3}},"15":{"start":{"line":16,"column":0},"end":{"line":16,"column":19}},"16":{"start":{"line":17,"column":0},"end":{"line":17,"column":1}}},"s":{"5":3,"6":3,"7":3,"8":3,"10":3,"11":3,"12":3,"13":31,"14":31,"15":3,"16":3},"branchMap":{"0":{"type":"branch","line":6,"loc":{"start":{"line":6,"column":0},"end":{"line":9,"column":1}},"locations":[{"start":{"line":6,"column":0},"end":{"line":9,"column":1}}]},"1":{"type":"branch","line":7,"loc":{"start":{"line":7,"column":20},"end":{"line":7,"column":57}},"locations":[{"start":{"line":7,"column":20},"end":{"line":7,"column":57}}]},"2":{"type":"branch","line":11,"loc":{"start":{"line":11,"column":0},"end":{"line":17,"column":1}},"locations":[{"start":{"line":11,"column":0},"end":{"line":17,"column":1}}]},"3":{"type":"branch","line":13,"loc":{"start":{"line":13,"column":47},"end":{"line":15,"column":3}},"locations":[{"start":{"line":13,"column":47},"end":{"line":15,"column":3}}]}},"b":{"0":[3],"1":[3],"2":[3],"3":[31]},"fnMap":{"0":{"name":"getScore","decl":{"start":{"line":6,"column":0},"end":{"line":9,"column":1}},"loc":{"start":{"line":6,"column":0},"end":{"line":9,"column":1}},"line":6},"1":{"name":"stubScoreFor","decl":{"start":{"line":11,"column":0},"end":{"line":17,"column":1}},"loc":{"start":{"line":11,"column":0},"end":{"line":17,"column":1}},"line":11}},"f":{"0":3,"1":3}}
,"/home/semicolon/Desktop/GRANTFOX/grylock/grydlock-extension/src/decode/decodeTransaction.ts": {"path":"/home/semicolon/Desktop/GRANTFOX/grylock/grydlock-extension/src/decode/decodeTransaction.ts","all":false,"statementMap":{"0":{"start":{"line":1,"column":0},"end":{"line":1,"column":94}},"7":{"start":{"line":8,"column":0},"end":{"line":8,"column":45}},"8":{"start":{"line":9,"column":0},"end":{"line":9,"column":12}},"9":{"start":{"line":10,"column":0},"end":{"line":10,"column":26}},"10":{"start":{"line":11,"column":0},"end":{"line":11,"column":29}},"11":{"start":{"line":12,"column":0},"end":{"line":12,"column":18}},"12":{"start":{"line":13,"column":0},"end":{"line":13,"column":2}},"14":{"start":{"line":15,"column":0},"end":{"line":15,"column":70}},"15":{"start":{"line":16,"column":0},"end":{"line":16,"column":63}},"16":{"start":{"line":17,"column":0},"end":{"line":17,"column":50}},"17":{"start":{"line":18,"column":0},"end":{"line":18,"column":50}},"18":{"start":{"line":19,"column":0},"end":{"line":19,"column":1}},"27":{"start":{"line":28,"column":0},"end":{"line":28,"column":35}},"28":{"start":{"line":29,"column":0},"end":{"line":29,"column":14}},"29":{"start":{"line":30,"column":0},"end":{"line":30,"column":47}},"30":{"start":{"line":31,"column":0},"end":{"line":31,"column":30}},"31":{"start":{"line":32,"column":0},"end":{"line":32,"column":12}},"32":{"start":{"line":33,"column":0},"end":{"line":33,"column":7}},"33":{"start":{"line":34,"column":0},"end":{"line":34,"column":63}},"34":{"start":{"line":35,"column":0},"end":{"line":35,"column":11}},"35":{"start":{"line":36,"column":0},"end":{"line":36,"column":15}},"36":{"start":{"line":37,"column":0},"end":{"line":37,"column":3}},"38":{"start":{"line":39,"column":0},"end":{"line":39,"column":84}},"39":{"start":{"line":40,"column":0},"end":{"line":40,"column":40}},"40":{"start":{"line":41,"column":0},"end":{"line":41,"column":31}},"42":{"start":{"line":43,"column":0},"end":{"line":43,"column":35}},"43":{"start":{"line":44,"column":0},"end":{"line":44,"column":92}},"44":{"start":{"line":45,"column":0},"end":{"line":45,"column":48}},"45":{"start":{"line":46,"column":0},"end":{"line":46,"column":66}},"46":{"start":{"line":47,"column":0},"end":{"line":47,"column":5}},"47":{"start":{"line":48,"column":0},"end":{"line":48,"column":3}},"49":{"start":{"line":50,"column":0},"end":{"line":50,"column":32}},"50":{"start":{"line":51,"column":0},"end":{"line":51,"column":15}},"51":{"start":{"line":52,"column":0},"end":{"line":52,"column":3}},"53":{"start":{"line":54,"column":0},"end":{"line":54,"column":53}},"54":{"start":{"line":55,"column":0},"end":{"line":55,"column":1}}},"s":{"0":1,"7":1,"8":1,"9":1,"10":1,"11":1,"12":1,"14":7,"15":7,"16":7,"17":1,"18":1,"27":1,"28":7,"29":7,"30":7,"31":7,"32":7,"33":7,"34":7,"35":1,"36":1,"38":7,"39":7,"40":7,"42":7,"43":8,"44":7,"45":7,"46":7,"47":8,"49":7,"50":2,"51":2,"53":4,"54":4},"branchMap":{"0":{"type":"branch","line":15,"loc":{"start":{"line":15,"column":0},"end":{"line":19,"column":1}},"locations":[{"start":{"line":15,"column":0},"end":{"line":19,"column":1}}]},"1":{"type":"branch","line":16,"loc":{"start":{"line":16,"column":20},"end":{"line":16,"column":63}},"locations":[{"start":{"line":16,"column":20},"end":{"line":16,"column":63}}]},"2":{"type":"branch","line":17,"loc":{"start":{"line":17,"column":34},"end":{"line":17,"column":50}},"locations":[{"start":{"line":17,"column":34},"end":{"line":17,"column":50}}]},"3":{"type":"branch","line":17,"loc":{"start":{"line":17,"column":41},"end":{"line":19,"column":1}},"locations":[{"start":{"line":17,"column":41},"end":{"line":19,"column":1}}]},"4":{"type":"branch","line":28,"loc":{"start":{"line":28,"column":7},"end":{"line":55,"column":1}},"locations":[{"start":{"line":28,"column":7},"end":{"line":55,"column":1}}]},"5":{"type":"branch","line":35,"loc":{"start":{"line":35,"column":2},"end":{"line":37,"column":3}},"locations":[{"start":{"line":35,"column":2},"end":{"line":37,"column":3}}]},"6":{"type":"branch","line":37,"loc":{"start":{"line":37,"column":2},"end":{"line":39,"column":52}},"locations":[{"start":{"line":37,"column":2},"end":{"line":39,"column":52}}]},"7":{"type":"branch","line":39,"loc":{"start":{"line":39,"column":31},"end":{"line":39,"column":78}},"locations":[{"start":{"line":39,"column":31},"end":{"line":39,"column":78}}]},"8":{"type":"branch","line":39,"loc":{"start":{"line":39,"column":59},"end":{"line":39,"column":84}},"locations":[{"start":{"line":39,"column":59},"end":{"line":39,"column":84}}]},"9":{"type":"branch","line":43,"loc":{"start":{"line":43,"column":34},"end":{"line":48,"column":3}},"locations":[{"start":{"line":43,"column":34},"end":{"line":48,"column":3}}]},"10":{"type":"branch","line":44,"loc":{"start":{"line":44,"column":47},"end":{"line":44,"column":75}},"locations":[{"start":{"line":44,"column":47},"end":{"line":44,"column":75}}]},"11":{"type":"branch","line":44,"loc":{"start":{"line":44,"column":69},"end":{"line":44,"column":91}},"locations":[{"start":{"line":44,"column":69},"end":{"line":44,"column":91}}]},"12":{"type":"branch","line":44,"loc":{"start":{"line":44,"column":91},"end":{"line":47,"column":5}},"locations":[{"start":{"line":44,"column":91},"end":{"line":47,"column":5}}]},"13":{"type":"branch","line":48,"loc":{"start":{"line":48,"column":2},"end":{"line":50,"column":31}},"locations":[{"start":{"line":48,"column":2},"end":{"line":50,"column":31}}]},"14":{"type":"branch","line":50,"loc":{"start":{"line":50,"column":31},"end":{"line":52,"column":3}},"locations":[{"start":{"line":50,"column":31},"end":{"line":52,"column":3}}]},"15":{"type":"branch","line":52,"loc":{"start":{"line":52,"column":2},"end":{"line":55,"column":1}},"locations":[{"start":{"line":52,"column":2},"end":{"line":55,"column":1}}]}},"b":{"0":[7],"1":[1],"2":[6],"3":[1],"4":[7],"5":[1],"6":[6],"7":[0],"8":[6],"9":[8],"10":[7],"11":[7],"12":[7],"13":[6],"14":[2],"15":[4]},"fnMap":{"0":{"name":"assetLabel","decl":{"start":{"line":15,"column":0},"end":{"line":19,"column":1}},"loc":{"start":{"line":15,"column":0},"end":{"line":19,"column":1}},"line":15},"1":{"name":"extractDestination","decl":{"start":{"line":28,"column":7},"end":{"line":55,"column":1}},"loc":{"start":{"line":28,"column":7},"end":{"line":55,"column":1}},"line":28}},"f":{"0":7,"1":7}}
,"/home/semicolon/Desktop/GRANTFOX/grylock/grydlock-extension/src/intercept/resolveOutcome.ts": {"path":"/home/semicolon/Desktop/GRANTFOX/grylock/grydlock-extension/src/intercept/resolveOutcome.ts","all":false,"statementMap":{"14":{"start":{"line":15,"column":0},"end":{"line":15,"column":95}},"15":{"start":{"line":16,"column":0},"end":{"line":16,"column":46}},"16":{"start":{"line":17,"column":0},"end":{"line":17,"column":30}},"18":{"start":{"line":19,"column":0},"end":{"line":19,"column":56}},"19":{"start":{"line":20,"column":0},"end":{"line":20,"column":96}},"20":{"start":{"line":21,"column":0},"end":{"line":21,"column":1}}},"s":{"14":3,"15":3,"16":3,"18":2,"19":2,"20":2},"branchMap":{"0":{"type":"branch","line":15,"loc":{"start":{"line":15,"column":0},"end":{"line":21,"column":1}},"locations":[{"start":{"line":15,"column":0},"end":{"line":21,"column":1}}]},"1":{"type":"branch","line":17,"loc":{"start":{"line":17,"column":16},"end":{"line":17,"column":30}},"locations":[{"start":{"line":17,"column":16},"end":{"line":17,"column":30}}]},"2":{"type":"branch","line":17,"loc":{"start":{"line":17,"column":23},"end":{"line":21,"column":1}},"locations":[{"start":{"line":17,"column":23},"end":{"line":21,"column":1}}]}},"b":{"0":[3],"1":[1],"2":[2]},"fnMap":{"0":{"name":"resolveOutcome","decl":{"start":{"line":15,"column":0},"end":{"line":21,"column":1}},"loc":{"start":{"line":15,"column":0},"end":{"line":21,"column":1}},"line":15}},"f":{"0":3}}
,"/home/semicolon/Desktop/GRANTFOX/grylock/grydlock-extension/src/lib/tiers.ts": {"path":"/home/semicolon/Desktop/GRANTFOX/grylock/grydlock-extension/src/lib/tiers.ts","all":false,"statementMap":{"9":{"start":{"line":10,"column":0},"end":{"line":10,"column":55}},"10":{"start":{"line":11,"column":0},"end":{"line":11,"column":3}},"11":{"start":{"line":12,"column":0},"end":{"line":12,"column":12}},"12":{"start":{"line":13,"column":0},"end":{"line":13,"column":11}},"13":{"start":{"line":14,"column":0},"end":{"line":14,"column":18}},"14":{"start":{"line":15,"column":0},"end":{"line":15,"column":19}},"15":{"start":{"line":16,"column":0},"end":{"line":16,"column":24}},"16":{"start":{"line":17,"column":0},"end":{"line":17,"column":50}},"17":{"start":{"line":18,"column":0},"end":{"line":18,"column":6}},"18":{"start":{"line":19,"column":0},"end":{"line":19,"column":4}},"19":{"start":{"line":20,"column":0},"end":{"line":20,"column":3}},"20":{"start":{"line":21,"column":0},"end":{"line":21,"column":12}},"21":{"start":{"line":22,"column":0},"end":{"line":22,"column":11}},"22":{"start":{"line":23,"column":0},"end":{"line":23,"column":23}},"23":{"start":{"line":24,"column":0},"end":{"line":24,"column":24}},"24":{"start":{"line":25,"column":0},"end":{"line":25,"column":24}},"25":{"start":{"line":26,"column":0},"end":{"line":26,"column":70}},"26":{"start":{"line":27,"column":0},"end":{"line":27,"column":6}},"27":{"start":{"line":28,"column":0},"end":{"line":28,"column":4}},"28":{"start":{"line":29,"column":0},"end":{"line":29,"column":3}},"29":{"start":{"line":30,"column":0},"end":{"line":30,"column":12}},"30":{"start":{"line":31,"column":0},"end":{"line":31,"column":11}},"31":{"start":{"line":32,"column":0},"end":{"line":32,"column":19}},"32":{"start":{"line":33,"column":0},"end":{"line":33,"column":20}},"33":{"start":{"line":34,"column":0},"end":{"line":34,"column":24}},"34":{"start":{"line":35,"column":0},"end":{"line":35,"column":80}},"35":{"start":{"line":36,"column":0},"end":{"line":36,"column":6}},"36":{"start":{"line":37,"column":0},"end":{"line":37,"column":4}},"37":{"start":{"line":38,"column":0},"end":{"line":38,"column":3}},"38":{"start":{"line":39,"column":0},"end":{"line":39,"column":13}},"39":{"start":{"line":40,"column":0},"end":{"line":40,"column":11}},"40":{"start":{"line":41,"column":0},"end":{"line":41,"column":23}},"41":{"start":{"line":42,"column":0},"end":{"line":42,"column":24}},"42":{"start":{"line":43,"column":0},"end":{"line":43,"column":24}},"43":{"start":{"line":44,"column":0},"end":{"line":44,"column":88}},"44":{"start":{"line":45,"column":0},"end":{"line":45,"column":6}},"45":{"start":{"line":46,"column":0},"end":{"line":46,"column":4}},"46":{"start":{"line":47,"column":0},"end":{"line":47,"column":1}},"48":{"start":{"line":49,"column":0},"end":{"line":49,"column":55}},"49":{"start":{"line":50,"column":0},"end":{"line":50,"column":51}},"50":{"start":{"line":51,"column":0},"end":{"line":51,"column":55}},"51":{"start":{"line":52,"column":0},"end":{"line":52,"column":20}},"52":{"start":{"line":53,"column":0},"end":{"line":53,"column":1}}},"s":{"9":1,"10":1,"11":1,"12":1,"13":1,"14":1,"15":1,"16":1,"17":1,"18":1,"19":1,"20":1,"21":1,"22":1,"23":1,"24":1,"25":1,"26":1,"27":1,"28":1,"29":1,"30":1,"31":1,"32":1,"33":1,"34":1,"35":1,"36":1,"37":1,"38":1,"39":1,"40":1,"41":1,"42":1,"43":1,"44":1,"45":1,"46":1,"48":1,"49":17,"50":17,"51":17,"52":17},"branchMap":{"0":{"type":"branch","line":49,"loc":{"start":{"line":49,"column":7},"end":{"line":53,"column":1}},"locations":[{"start":{"line":49,"column":7},"end":{"line":53,"column":1}}]},"1":{"type":"branch","line":51,"loc":{"start":{"line":51,"column":27},"end":{"line":51,"column":54}},"locations":[{"start":{"line":51,"column":27},"end":{"line":51,"column":54}}]}},"b":{"0":[17],"1":[41]},"fnMap":{"0":{"name":"tierForScore","decl":{"start":{"line":49,"column":7},"end":{"line":53,"column":1}},"loc":{"start":{"line":49,"column":7},"end":{"line":53,"column":1}},"line":49}},"f":{"0":17}}
,"/home/semicolon/Desktop/GRANTFOX/grylock/grydlock-extension/src/popup/App.tsx": {"path":"/home/semicolon/Desktop/GRANTFOX/grylock/grydlock-extension/src/popup/App.tsx","all":false,"statementMap":{"0":{"start":{"line":1,"column":0},"end":{"line":1,"column":43}},"8":{"start":{"line":9,"column":0},"end":{"line":9,"column":89}},"12":{"start":{"line":13,"column":0},"end":{"line":13,"column":31}},"13":{"start":{"line":14,"column":0},"end":{"line":14,"column":60}},"14":{"start":{"line":15,"column":0},"end":{"line":15,"column":43}},"15":{"start":{"line":16,"column":0},"end":{"line":16,"column":44}},"16":{"start":{"line":17,"column":0},"end":{"line":17,"column":3}},"17":{"start":{"line":18,"column":0},"end":{"line":18,"column":23}},"18":{"start":{"line":19,"column":0},"end":{"line":19,"column":1}},"20":{"start":{"line":21,"column":0},"end":{"line":21,"column":65}},"21":{"start":{"line":22,"column":0},"end":{"line":22,"column":49}},"22":{"start":{"line":23,"column":0},"end":{"line":23,"column":53}},"23":{"start":{"line":24,"column":0},"end":{"line":24,"column":48}},"24":{"start":{"line":25,"column":0},"end":{"line":25,"column":50}},"25":{"start":{"line":26,"column":0},"end":{"line":26,"column":34}},"27":{"start":{"line":28,"column":0},"end":{"line":28,"column":52}},"28":{"start":{"line":29,"column":0},"end":{"line":29,"column":94}},"29":{"start":{"line":30,"column":0},"end":{"line":30,"column":39}},"30":{"start":{"line":31,"column":0},"end":{"line":31,"column":18}},"31":{"start":{"line":32,"column":0},"end":{"line":32,"column":3}},"33":{"start":{"line":34,"column":0},"end":{"line":34,"column":10}},"34":{"start":{"line":35,"column":0},"end":{"line":35,"column":16}},"35":{"start":{"line":36,"column":0},"end":{"line":36,"column":17}},"36":{"start":{"line":37,"column":0},"end":{"line":37,"column":19}},"37":{"start":{"line":38,"column":0},"end":{"line":38,"column":69}},"38":{"start":{"line":39,"column":0},"end":{"line":39,"column":40}},"39":{"start":{"line":40,"column":0},"end":{"line":40,"column":42}},"40":{"start":{"line":41,"column":0},"end":{"line":41,"column":6}},"42":{"start":{"line":43,"column":0},"end":{"line":43,"column":1}},"44":{"start":{"line":45,"column":0},"end":{"line":45,"column":23}},"45":{"start":{"line":46,"column":0},"end":{"line":46,"column":43}},"46":{"start":{"line":47,"column":0},"end":{"line":47,"column":77}},"47":{"start":{"line":48,"column":0},"end":{"line":48,"column":1}},"49":{"start":{"line":50,"column":0},"end":{"line":50,"column":58}},"50":{"start":{"line":51,"column":0},"end":{"line":51,"column":70}},"51":{"start":{"line":52,"column":0},"end":{"line":52,"column":69}},"53":{"start":{"line":54,"column":0},"end":{"line":54,"column":19}},"54":{"start":{"line":55,"column":0},"end":{"line":55,"column":25}},"55":{"start":{"line":56,"column":0},"end":{"line":56,"column":37}},"56":{"start":{"line":57,"column":0},"end":{"line":57,"column":24}},"57":{"start":{"line":58,"column":0},"end":{"line":58,"column":60}},"58":{"start":{"line":59,"column":0},"end":{"line":59,"column":8}},"59":{"start":{"line":60,"column":0},"end":{"line":60,"column":20}},"60":{"start":{"line":61,"column":0},"end":{"line":61,"column":53}},"61":{"start":{"line":62,"column":0},"end":{"line":62,"column":8}},"62":{"start":{"line":63,"column":0},"end":{"line":63,"column":18}},"63":{"start":{"line":64,"column":0},"end":{"line":64,"column":22}},"64":{"start":{"line":65,"column":0},"end":{"line":65,"column":5}},"65":{"start":{"line":66,"column":0},"end":{"line":66,"column":8}},"67":{"start":{"line":68,"column":0},"end":{"line":68,"column":35}},"68":{"start":{"line":69,"column":0},"end":{"line":69,"column":61}},"69":{"start":{"line":70,"column":0},"end":{"line":70,"column":3}},"71":{"start":{"line":72,"column":0},"end":{"line":72,"column":33}},"72":{"start":{"line":73,"column":0},"end":{"line":73,"column":12}},"73":{"start":{"line":74,"column":0},"end":{"line":74,"column":29}},"74":{"start":{"line":75,"column":0},"end":{"line":75,"column":67}},"75":{"start":{"line":76,"column":0},"end":{"line":76,"column":54}},"77":{"start":{"line":78,"column":0},"end":{"line":78,"column":17}},"78":{"start":{"line":79,"column":0},"end":{"line":79,"column":12}},"80":{"start":{"line":81,"column":0},"end":{"line":81,"column":3}},"82":{"start":{"line":83,"column":0},"end":{"line":83,"column":49}},"83":{"start":{"line":84,"column":0},"end":{"line":84,"column":41}},"85":{"start":{"line":86,"column":0},"end":{"line":86,"column":10}},"86":{"start":{"line":87,"column":0},"end":{"line":87,"column":16}},"87":{"start":{"line":88,"column":0},"end":{"line":88,"column":17}},"88":{"start":{"line":89,"column":0},"end":{"line":89,"column":26}},"89":{"start":{"line":90,"column":0},"end":{"line":90,"column":37}},"90":{"start":{"line":91,"column":0},"end":{"line":91,"column":38}},"91":{"start":{"line":92,"column":0},"end":{"line":92,"column":18}},"92":{"start":{"line":93,"column":0},"end":{"line":93,"column":96}},"94":{"start":{"line":95,"column":0},"end":{"line":95,"column":6}},"96":{"start":{"line":97,"column":0},"end":{"line":97,"column":1}}},"s":{"0":1,"8":1,"12":8,"13":8,"14":8,"15":3,"16":3,"17":5,"18":5,"20":3,"21":3,"22":3,"23":3,"24":3,"25":3,"27":3,"28":2,"29":2,"30":2,"31":2,"33":3,"34":3,"35":3,"36":3,"37":3,"38":3,"39":3,"40":3,"42":3,"44":6,"45":6,"46":6,"47":6,"49":12,"50":12,"51":12,"53":12,"54":6,"55":6,"56":6,"57":3,"58":6,"59":6,"60":2,"61":6,"62":6,"63":6,"64":6,"65":12,"67":12,"68":6,"69":6,"71":12,"72":2,"73":2,"74":2,"75":2,"77":2,"78":2,"80":2,"82":12,"83":12,"85":12,"86":12,"87":12,"88":12,"89":12,"90":12,"91":12,"92":12,"94":12,"96":12},"branchMap":{"0":{"type":"branch","line":13,"loc":{"start":{"line":13,"column":0},"end":{"line":19,"column":1}},"locations":[{"start":{"line":13,"column":0},"end":{"line":19,"column":1}}]},"1":{"type":"branch","line":15,"loc":{"start":{"line":15,"column":42},"end":{"line":17,"column":3}},"locations":[{"start":{"line":15,"column":42},"end":{"line":17,"column":3}}]},"2":{"type":"branch","line":17,"loc":{"start":{"line":17,"column":2},"end":{"line":19,"column":1}},"locations":[{"start":{"line":17,"column":2},"end":{"line":19,"column":1}}]},"3":{"type":"branch","line":21,"loc":{"start":{"line":21,"column":0},"end":{"line":43,"column":1}},"locations":[{"start":{"line":21,"column":0},"end":{"line":43,"column":1}}]},"4":{"type":"branch","line":22,"loc":{"start":{"line":22,"column":42},"end":{"line":22,"column":49}},"locations":[{"start":{"line":22,"column":42},"end":{"line":22,"column":49}}]},"5":{"type":"branch","line":23,"loc":{"start":{"line":23,"column":46},"end":{"line":23,"column":53}},"locations":[{"start":{"line":23,"column":46},"end":{"line":23,"column":53}}]},"6":{"type":"branch","line":25,"loc":{"start":{"line":25,"column":41},"end":{"line":25,"column":49}},"locations":[{"start":{"line":25,"column":41},"end":{"line":25,"column":49}}]},"7":{"type":"branch","line":38,"loc":{"start":{"line":38,"column":19},"end":{"line":38,"column":57}},"locations":[{"start":{"line":38,"column":19},"end":{"line":38,"column":57}}]},"8":{"type":"branch","line":28,"loc":{"start":{"line":28,"column":2},"end":{"line":32,"column":3}},"locations":[{"start":{"line":28,"column":2},"end":{"line":32,"column":3}}]},"9":{"type":"branch","line":39,"loc":{"start":{"line":39,"column":16},"end":{"line":39,"column":40}},"locations":[{"start":{"line":39,"column":16},"end":{"line":39,"column":40}}]},"10":{"type":"branch","line":40,"loc":{"start":{"line":40,"column":17},"end":{"line":40,"column":42}},"locations":[{"start":{"line":40,"column":17},"end":{"line":40,"column":42}}]},"11":{"type":"branch","line":45,"loc":{"start":{"line":45,"column":0},"end":{"line":48,"column":1}},"locations":[{"start":{"line":45,"column":0},"end":{"line":48,"column":1}}]},"12":{"type":"branch","line":47,"loc":{"start":{"line":47,"column":43},"end":{"line":47,"column":75}},"locations":[{"start":{"line":47,"column":43},"end":{"line":47,"column":75}}]},"13":{"type":"branch","line":47,"loc":{"start":{"line":47,"column":60},"end":{"line":47,"column":72}},"locations":[{"start":{"line":47,"column":60},"end":{"line":47,"column":72}}]},"14":{"type":"branch","line":50,"loc":{"start":{"line":50,"column":0},"end":{"line":97,"column":1}},"locations":[{"start":{"line":50,"column":0},"end":{"line":97,"column":1}}]},"15":{"type":"branch","line":68,"loc":{"start":{"line":68,"column":34},"end":{"line":72,"column":32}},"locations":[{"start":{"line":68,"column":34},"end":{"line":72,"column":32}}]},"16":{"type":"branch","line":72,"loc":{"start":{"line":72,"column":32},"end":{"line":81,"column":3}},"locations":[{"start":{"line":72,"column":32},"end":{"line":81,"column":3}}]},"17":{"type":"branch","line":81,"loc":{"start":{"line":81,"column":2},"end":{"line":83,"column":38}},"locations":[{"start":{"line":81,"column":2},"end":{"line":83,"column":38}}]},"18":{"type":"branch","line":83,"loc":{"start":{"line":83,"column":23},"end":{"line":83,"column":49}},"locations":[{"start":{"line":83,"column":23},"end":{"line":83,"column":49}}]},"19":{"type":"branch","line":93,"loc":{"start":{"line":93,"column":24},"end":{"line":93,"column":96}},"locations":[{"start":{"line":93,"column":24},"end":{"line":93,"column":96}}]},"20":{"type":"branch","line":54,"loc":{"start":{"line":54,"column":12},"end":{"line":66,"column":5}},"locations":[{"start":{"line":54,"column":12},"end":{"line":66,"column":5}}]},"21":{"type":"branch","line":57,"loc":{"start":{"line":57,"column":12},"end":{"line":59,"column":7}},"locations":[{"start":{"line":57,"column":12},"end":{"line":59,"column":7}}]},"22":{"type":"branch","line":60,"loc":{"start":{"line":60,"column":13},"end":{"line":62,"column":7}},"locations":[{"start":{"line":60,"column":13},"end":{"line":62,"column":7}}]},"23":{"type":"branch","line":63,"loc":{"start":{"line":63,"column":11},"end":{"line":65,"column":5}},"locations":[{"start":{"line":63,"column":11},"end":{"line":65,"column":5}}]}},"b":{"0":[8],"1":[3],"2":[5],"3":[3],"4":[0],"5":[0],"6":[0],"7":[0],"8":[2],"9":[1],"10":[1],"11":[6],"12":[1],"13":[1],"14":[12],"15":[6],"16":[2],"17":[4],"18":[3],"19":[4],"20":[6],"21":[3],"22":[2],"23":[6]},"fnMap":{"0":{"name":"App","decl":{"start":{"line":13,"column":0},"end":{"line":19,"column":1}},"loc":{"start":{"line":13,"column":0},"end":{"line":19,"column":1}},"line":13},"1":{"name":"InterceptView","decl":{"start":{"line":21,"column":0},"end":{"line":43,"column":1}},"loc":{"start":{"line":21,"column":0},"end":{"line":43,"column":1}},"line":21},"2":{"name":"respond","decl":{"start":{"line":28,"column":2},"end":{"line":32,"column":3}},"loc":{"start":{"line":28,"column":2},"end":{"line":32,"column":3}},"line":28},"3":{"name":"onCancel","decl":{"start":{"line":39,"column":16},"end":{"line":39,"column":40}},"loc":{"start":{"line":39,"column":16},"end":{"line":39,"column":40}},"line":39},"4":{"name":"onProceed","decl":{"start":{"line":40,"column":17},"end":{"line":40,"column":42}},"loc":{"start":{"line":40,"column":17},"end":{"line":40,"column":42}},"line":40},"5":{"name":"DevPreview","decl":{"start":{"line":45,"column":0},"end":{"line":48,"column":1}},"loc":{"start":{"line":45,"column":0},"end":{"line":48,"column":1}},"line":45},"6":{"name":"onRetry","decl":{"start":{"line":47,"column":43},"end":{"line":47,"column":75}},"loc":{"start":{"line":47,"column":43},"end":{"line":47,"column":75}},"line":47},"7":{"name":"ScoreView","decl":{"start":{"line":50,"column":0},"end":{"line":97,"column":1}},"loc":{"start":{"line":50,"column":0},"end":{"line":97,"column":1}},"line":50},"8":{"name":"onCancel","decl":{"start":{"line":90,"column":16},"end":{"line":90,"column":37}},"loc":{"start":{"line":90,"column":16},"end":{"line":90,"column":37}},"line":90},"9":{"name":"onProceed","decl":{"start":{"line":91,"column":17},"end":{"line":91,"column":38}},"loc":{"start":{"line":91,"column":17},"end":{"line":91,"column":38}},"line":91}},"f":{"0":8,"1":3,"2":2,"3":1,"4":1,"5":6,"6":1,"7":12,"8":0,"9":0}}
,"/home/semicolon/Desktop/GRANTFOX/grylock/grydlock-extension/src/popup/DevScoreSlider.tsx": {"path":"/home/semicolon/Desktop/GRANTFOX/grylock/grydlock-extension/src/popup/DevScoreSlider.tsx","all":false,"statementMap":{"0":{"start":{"line":1,"column":0},"end":{"line":1,"column":31}},"5":{"start":{"line":6,"column":0},"end":{"line":6,"column":82}},"6":{"start":{"line":7,"column":0},"end":{"line":7,"column":10}},"7":{"start":{"line":8,"column":0},"end":{"line":8,"column":32}},"8":{"start":{"line":9,"column":0},"end":{"line":9,"column":70}},"9":{"start":{"line":10,"column":0},"end":{"line":10,"column":12}},"10":{"start":{"line":11,"column":0},"end":{"line":11,"column":22}},"11":{"start":{"line":12,"column":0},"end":{"line":12,"column":20}},"12":{"start":{"line":13,"column":0},"end":{"line":13,"column":15}},"13":{"start":{"line":14,"column":0},"end":{"line":14,"column":17}},"14":{"start":{"line":15,"column":0},"end":{"line":15,"column":21}},"15":{"start":{"line":16,"column":0},"end":{"line":16,"column":58}},"16":{"start":{"line":17,"column":0},"end":{"line":17,"column":8}},"17":{"start":{"line":18,"column":0},"end":{"line":18,"column":10}},"19":{"start":{"line":20,"column":0},"end":{"line":20,"column":1}}},"s":{"0":1,"5":4,"6":4,"7":4,"8":4,"9":4,"10":4,"11":4,"12":4,"13":4,"14":4,"15":4,"16":4,"17":4,"19":4},"branchMap":{"0":{"type":"branch","line":6,"loc":{"start":{"line":6,"column":0},"end":{"line":20,"column":1}},"locations":[{"start":{"line":6,"column":0},"end":{"line":20,"column":1}}]},"1":{"type":"branch","line":16,"loc":{"start":{"line":16,"column":18},"end":{"line":16,"column":58}},"locations":[{"start":{"line":16,"column":18},"end":{"line":16,"column":58}}]}},"b":{"0":[4],"1":[1]},"fnMap":{"0":{"name":"DevScoreSlider","decl":{"start":{"line":6,"column":0},"end":{"line":20,"column":1}},"loc":{"start":{"line":6,"column":0},"end":{"line":20,"column":1}},"line":6},"1":{"name":"onChange","decl":{"start":{"line":16,"column":18},"end":{"line":16,"column":58}},"loc":{"start":{"line":16,"column":18},"end":{"line":16,"column":58}},"line":16}},"f":{"0":4,"1":1}}
,"/home/semicolon/Desktop/GRANTFOX/grylock/grydlock-extension/src/popup/TierWarning.tsx": {"path":"/home/semicolon/Desktop/GRANTFOX/grylock/grydlock-extension/src/popup/TierWarning.tsx","all":false,"statementMap":{"0":{"start":{"line":1,"column":0},"end":{"line":1,"column":38}},"12":{"start":{"line":13,"column":0},"end":{"line":13,"column":37}},"13":{"start":{"line":14,"column":0},"end":{"line":14,"column":7}},"14":{"start":{"line":15,"column":0},"end":{"line":15,"column":8}},"15":{"start":{"line":16,"column":0},"end":{"line":16,"column":14}},"16":{"start":{"line":17,"column":0},"end":{"line":17,"column":11}},"17":{"start":{"line":18,"column":0},"end":{"line":18,"column":12}},"18":{"start":{"line":19,"column":0},"end":{"line":19,"column":13}},"19":{"start":{"line":20,"column":0},"end":{"line":20,"column":22}},"20":{"start":{"line":21,"column":0},"end":{"line":21,"column":10}},"21":{"start":{"line":22,"column":0},"end":{"line":22,"column":77}},"22":{"start":{"line":23,"column":0},"end":{"line":23,"column":32}},"23":{"start":{"line":24,"column":0},"end":{"line":24,"column":67}},"24":{"start":{"line":25,"column":0},"end":{"line":25,"column":45}},"25":{"start":{"line":26,"column":0},"end":{"line":26,"column":47}},"26":{"start":{"line":27,"column":0},"end":{"line":27,"column":31}},"27":{"start":{"line":28,"column":0},"end":{"line":28,"column":54}},"29":{"start":{"line":30,"column":0},"end":{"line":30,"column":17}},"30":{"start":{"line":31,"column":0},"end":{"line":31,"column":56}},"32":{"start":{"line":33,"column":0},"end":{"line":33,"column":17}},"33":{"start":{"line":34,"column":0},"end":{"line":34,"column":12}},"34":{"start":{"line":35,"column":0},"end":{"line":35,"column":18}},"35":{"start":{"line":36,"column":0},"end":{"line":36,"column":10}},"37":{"start":{"line":38,"column":0},"end":{"line":38,"column":1}}},"s":{"0":1,"12":7,"13":7,"14":7,"15":7,"16":7,"17":7,"18":7,"19":7,"20":7,"21":7,"22":7,"23":7,"24":7,"25":7,"26":7,"27":7,"29":7,"30":7,"32":7,"33":7,"34":7,"35":7,"37":7},"branchMap":{"0":{"type":"branch","line":13,"loc":{"start":{"line":13,"column":0},"end":{"line":38,"column":1}},"locations":[{"start":{"line":13,"column":0},"end":{"line":38,"column":1}}]},"1":{"type":"branch","line":24,"loc":{"start":{"line":24,"column":7},"end":{"line":24,"column":67}},"locations":[{"start":{"line":24,"column":7},"end":{"line":24,"column":67}}]}},"b":{"0":[7],"1":[3]},"fnMap":{"0":{"name":"TierWarning","decl":{"start":{"line":13,"column":0},"end":{"line":38,"column":1}},"loc":{"start":{"line":13,"column":0},"end":{"line":38,"column":1}},"line":13}},"f":{"0":7}}
}
