{"/Users/macbook/grantfox/grydlock-extension/src/adapter/oracleAdapter.ts": {"path":"/Users/macbook/grantfox/grydlock-extension/src/adapter/oracleAdapter.ts","all":false,"statementMap":{"5":{"start":{"line":6,"column":0},"end":{"line":6,"column":70}},"6":{"start":{"line":7,"column":0},"end":{"line":7,"column":58}},"7":{"start":{"line":8,"column":0},"end":{"line":8,"column":34}},"8":{"start":{"line":9,"column":0},"end":{"line":9,"column":1}},"10":{"start":{"line":11,"column":0},"end":{"line":11,"column":52}},"11":{"start":{"line":12,"column":0},"end":{"line":12,"column":14}},"12":{"start":{"line":13,"column":0},"end":{"line":13,"column":48}},"13":{"start":{"line":14,"column":0},"end":{"line":14,"column":56}},"14":{"start":{"line":15,"column":0},"end":{"line":15,"column":3}},"15":{"start":{"line":16,"column":0},"end":{"line":16,"column":19}},"16":{"start":{"line":17,"column":0},"end":{"line":17,"column":1}}},"s":{"5":3,"6":3,"7":3,"8":3,"10":3,"11":3,"12":3,"13":31,"14":31,"15":3,"16":3},"branchMap":{"0":{"type":"branch","line":6,"loc":{"start":{"line":6,"column":0},"end":{"line":9,"column":1}},"locations":[{"start":{"line":6,"column":0},"end":{"line":9,"column":1}}]},"1":{"type":"branch","line":7,"loc":{"start":{"line":7,"column":20},"end":{"line":7,"column":57}},"locations":[{"start":{"line":7,"column":20},"end":{"line":7,"column":57}}]},"2":{"type":"branch","line":11,"loc":{"start":{"line":11,"column":0},"end":{"line":17,"column":1}},"locations":[{"start":{"line":11,"column":0},"end":{"line":17,"column":1}}]},"3":{"type":"branch","line":13,"loc":{"start":{"line":13,"column":47},"end":{"line":15,"column":3}},"locations":[{"start":{"line":13,"column":47},"end":{"line":15,"column":3}}]}},"b":{"0":[3],"1":[3],"2":[3],"3":[31]},"fnMap":{"0":{"name":"getScore","decl":{"start":{"line":6,"column":0},"end":{"line":9,"column":1}},"loc":{"start":{"line":6,"column":0},"end":{"line":9,"column":1}},"line":6},"1":{"name":"stubScoreFor","decl":{"start":{"line":11,"column":0},"end":{"line":17,"column":1}},"loc":{"start":{"line":11,"column":0},"end":{"line":17,"column":1}},"line":11}},"f":{"0":3,"1":3}}
,"/Users/macbook/grantfox/grydlock-extension/src/decode/decodeTransaction.ts": {"path":"/Users/macbook/grantfox/grydlock-extension/src/decode/decodeTransaction.ts","all":false,"statementMap":{"0":{"start":{"line":1,"column":0},"end":{"line":1,"column":94}},"1":{"start":{"line":14,"column":0},"end":{"line":14,"column":67}},"2":{"start":{"line":15,"column":0},"end":{"line":15,"column":50}},"3":{"start":{"line":16,"column":0},"end":{"line":16,"column":50}},"4":{"start":{"line":17,"column":0},"end":{"line":17,"column":1}},"5":{"start":{"line":26,"column":0},"end":{"line":26,"column":70}},"6":{"start":{"line":27,"column":0},"end":{"line":27,"column":20}},"7":{"start":{"line":28,"column":0},"end":{"line":28,"column":19}},"8":{"start":{"line":29,"column":0},"end":{"line":29,"column":76}},"9":{"start":{"line":30,"column":0},"end":{"line":30,"column":33}},"10":{"start":{"line":31,"column":0},"end":{"line":31,"column":36}},"11":{"start":{"line":32,"column":0},"end":{"line":32,"column":80}},"12":{"start":{"line":33,"column":0},"end":{"line":33,"column":25}},"13":{"start":{"line":34,"column":0},"end":{"line":34,"column":47}},"14":{"start":{"line":35,"column":0},"end":{"line":35,"column":34}},"15":{"start":{"line":36,"column":0},"end":{"line":36,"column":14}},"16":{"start":{"line":37,"column":0},"end":{"line":37,"column":75}},"17":{"start":{"line":38,"column":0},"end":{"line":38,"column":36}},"18":{"start":{"line":39,"column":0},"end":{"line":39,"column":7}},"19":{"start":{"line":40,"column":0},"end":{"line":40,"column":33}},"20":{"start":{"line":41,"column":0},"end":{"line":41,"column":45}},"21":{"start":{"line":42,"column":0},"end":{"line":42,"column":12}},"22":{"start":{"line":43,"column":0},"end":{"line":43,"column":33}},"23":{"start":{"line":44,"column":0},"end":{"line":44,"column":3}},"24":{"start":{"line":45,"column":0},"end":{"line":45,"column":1}},"25":{"start":{"line":55,"column":0},"end":{"line":55,"column":35}},"26":{"start":{"line":56,"column":0},"end":{"line":56,"column":14}},"27":{"start":{"line":57,"column":0},"end":{"line":57,"column":47}},"28":{"start":{"line":58,"column":0},"end":{"line":58,"column":30}},"29":{"start":{"line":59,"column":0},"end":{"line":59,"column":12}},"30":{"start":{"line":60,"column":0},"end":{"line":60,"column":7}},"31":{"start":{"line":61,"column":0},"end":{"line":61,"column":63}},"32":{"start":{"line":62,"column":0},"end":{"line":62,"column":11}},"33":{"start":{"line":63,"column":0},"end":{"line":63,"column":15}},"34":{"start":{"line":64,"column":0},"end":{"line":64,"column":3}},"35":{"start":{"line":66,"column":0},"end":{"line":66,"column":84}},"36":{"start":{"line":67,"column":0},"end":{"line":67,"column":40}},"37":{"start":{"line":68,"column":0},"end":{"line":68,"column":31}},"38":{"start":{"line":70,"column":0},"end":{"line":70,"column":35}},"39":{"start":{"line":71,"column":0},"end":{"line":71,"column":40}},"40":{"start":{"line":72,"column":0},"end":{"line":72,"column":52}},"41":{"start":{"line":73,"column":0},"end":{"line":73,"column":82}},"42":{"start":{"line":74,"column":0},"end":{"line":74,"column":26}},"43":{"start":{"line":75,"column":0},"end":{"line":75,"column":3}},"44":{"start":{"line":77,"column":0},"end":{"line":77,"column":32}},"45":{"start":{"line":78,"column":0},"end":{"line":78,"column":15}},"46":{"start":{"line":79,"column":0},"end":{"line":79,"column":3}},"47":{"start":{"line":81,"column":0},"end":{"line":81,"column":53}},"48":{"start":{"line":82,"column":0},"end":{"line":82,"column":1}}},"s":{"0":2,"1":13,"2":13,"3":2,"4":2,"5":16,"6":16,"7":16,"8":7,"9":16,"10":16,"11":1,"12":16,"13":0,"14":16,"15":5,"16":5,"17":5,"18":5,"19":16,"20":2,"21":16,"22":1,"23":16,"24":16,"25":2,"26":13,"27":13,"28":13,"29":13,"30":13,"31":13,"32":13,"33":1,"34":1,"35":13,"36":13,"37":13,"38":13,"39":16,"40":16,"41":16,"42":15,"43":15,"44":13,"45":4,"46":4,"47":8,"48":8},"branchMap":{"0":{"type":"branch","line":14,"loc":{"start":{"line":14,"column":0},"end":{"line":17,"column":1}},"locations":[{"start":{"line":14,"column":0},"end":{"line":17,"column":1}}]},"1":{"type":"branch","line":15,"loc":{"start":{"line":15,"column":34},"end":{"line":15,"column":50}},"locations":[{"start":{"line":15,"column":34},"end":{"line":15,"column":50}}]},"2":{"type":"branch","line":15,"loc":{"start":{"line":15,"column":41},"end":{"line":17,"column":1}},"locations":[{"start":{"line":15,"column":41},"end":{"line":17,"column":1}}]},"3":{"type":"branch","line":26,"loc":{"start":{"line":26,"column":0},"end":{"line":45,"column":1}},"locations":[{"start":{"line":26,"column":0},"end":{"line":45,"column":1}}]},"4":{"type":"branch","line":28,"loc":{"start":{"line":28,"column":4},"end":{"line":29,"column":76}},"locations":[{"start":{"line":28,"column":4},"end":{"line":29,"column":76}}]},"5":{"type":"branch","line":30,"loc":{"start":{"line":30,"column":4},"end":{"line":30,"column":33}},"locations":[{"start":{"line":30,"column":4},"end":{"line":30,"column":33}}]},"6":{"type":"branch","line":31,"loc":{"start":{"line":31,"column":4},"end":{"line":32,"column":80}},"locations":[{"start":{"line":31,"column":4},"end":{"line":32,"column":80}}]},"7":{"type":"branch","line":33,"loc":{"start":{"line":33,"column":4},"end":{"line":34,"column":47}},"locations":[{"start":{"line":33,"column":4},"end":{"line":34,"column":47}}]},"8":{"type":"branch","line":35,"loc":{"start":{"line":35,"column":4},"end":{"line":39,"column":7}},"locations":[{"start":{"line":35,"column":4},"end":{"line":39,"column":7}}]},"9":{"type":"branch","line":40,"loc":{"start":{"line":40,"column":4},"end":{"line":41,"column":45}},"locations":[{"start":{"line":40,"column":4},"end":{"line":41,"column":45}}]},"10":{"type":"branch","line":42,"loc":{"start":{"line":42,"column":4},"end":{"line":43,"column":33}},"locations":[{"start":{"line":42,"column":4},"end":{"line":43,"column":33}}]},"11":{"type":"branch","line":37,"loc":{"start":{"line":37,"column":39},"end":{"line":37,"column":73}},"locations":[{"start":{"line":37,"column":39},"end":{"line":37,"column":73}}]},"12":{"type":"branch","line":55,"loc":{"start":{"line":55,"column":7},"end":{"line":82,"column":1}},"locations":[{"start":{"line":55,"column":7},"end":{"line":82,"column":1}}]},"13":{"type":"branch","line":62,"loc":{"start":{"line":62,"column":2},"end":{"line":64,"column":3}},"locations":[{"start":{"line":62,"column":2},"end":{"line":64,"column":3}}]},"14":{"type":"branch","line":64,"loc":{"start":{"line":64,"column":2},"end":{"line":66,"column":52}},"locations":[{"start":{"line":64,"column":2},"end":{"line":66,"column":52}}]},"15":{"type":"branch","line":66,"loc":{"start":{"line":66,"column":31},"end":{"line":66,"column":78}},"locations":[{"start":{"line":66,"column":31},"end":{"line":66,"column":78}}]},"16":{"type":"branch","line":66,"loc":{"start":{"line":66,"column":59},"end":{"line":66,"column":84}},"locations":[{"start":{"line":66,"column":59},"end":{"line":66,"column":84}}]},"17":{"type":"branch","line":70,"loc":{"start":{"line":70,"column":34},"end":{"line":75,"column":3}},"locations":[{"start":{"line":70,"column":34},"end":{"line":75,"column":3}}]},"18":{"type":"branch","line":72,"loc":{"start":{"line":72,"column":44},"end":{"line":72,"column":52}},"locations":[{"start":{"line":72,"column":44},"end":{"line":72,"column":52}}]},"19":{"type":"branch","line":72,"loc":{"start":{"line":72,"column":44},"end":{"line":73,"column":66}},"locations":[{"start":{"line":72,"column":44},"end":{"line":73,"column":66}}]},"20":{"type":"branch","line":73,"loc":{"start":{"line":73,"column":81},"end":{"line":75,"column":3}},"locations":[{"start":{"line":73,"column":81},"end":{"line":75,"column":3}}]},"21":{"type":"branch","line":75,"loc":{"start":{"line":75,"column":2},"end":{"line":77,"column":31}},"locations":[{"start":{"line":75,"column":2},"end":{"line":77,"column":31}}]},"22":{"type":"branch","line":77,"loc":{"start":{"line":77,"column":31},"end":{"line":79,"column":3}},"locations":[{"start":{"line":77,"column":31},"end":{"line":79,"column":3}}]},"23":{"type":"branch","line":79,"loc":{"start":{"line":79,"column":2},"end":{"line":82,"column":1}},"locations":[{"start":{"line":79,"column":2},"end":{"line":82,"column":1}}]}},"b":{"0":[13],"1":[11],"2":[2],"3":[16],"4":[7],"5":[1],"6":[1],"7":[0],"8":[5],"9":[2],"10":[1],"11":[6],"12":[13],"13":[1],"14":[12],"15":[0],"16":[12],"17":[16],"18":[1],"19":[15],"20":[15],"21":[12],"22":[4],"23":[8]},"fnMap":{"0":{"name":"assetLabel","decl":{"start":{"line":14,"column":0},"end":{"line":17,"column":1}},"loc":{"start":{"line":14,"column":0},"end":{"line":17,"column":1}},"line":14},"1":{"name":"destinationsFor","decl":{"start":{"line":26,"column":0},"end":{"line":45,"column":1}},"loc":{"start":{"line":26,"column":0},"end":{"line":45,"column":1}},"line":26},"2":{"name":"extractDestination","decl":{"start":{"line":55,"column":7},"end":{"line":82,"column":1}},"loc":{"start":{"line":55,"column":7},"end":{"line":82,"column":1}},"line":55}},"f":{"0":13,"1":16,"2":13}}
,"/Users/macbook/grantfox/grydlock-extension/src/history/History.tsx": {"path":"/Users/macbook/grantfox/grydlock-extension/src/history/History.tsx","all":false,"statementMap":{"0":{"start":{"line":1,"column":0},"end":{"line":1,"column":43}},"10":{"start":{"line":11,"column":0},"end":{"line":11,"column":35}},"11":{"start":{"line":12,"column":0},"end":{"line":12,"column":70}},"13":{"start":{"line":14,"column":0},"end":{"line":14,"column":19}},"14":{"start":{"line":15,"column":0},"end":{"line":15,"column":25}},"15":{"start":{"line":16,"column":0},"end":{"line":16,"column":17}},"16":{"start":{"line":17,"column":0},"end":{"line":17,"column":26}},"17":{"start":{"line":18,"column":0},"end":{"line":18,"column":62}},"18":{"start":{"line":19,"column":0},"end":{"line":19,"column":8}},"19":{"start":{"line":20,"column":0},"end":{"line":20,"column":20}},"20":{"start":{"line":21,"column":0},"end":{"line":21,"column":53}},"21":{"start":{"line":22,"column":0},"end":{"line":22,"column":8}},"22":{"start":{"line":23,"column":0},"end":{"line":23,"column":18}},"23":{"start":{"line":24,"column":0},"end":{"line":24,"column":22}},"24":{"start":{"line":25,"column":0},"end":{"line":25,"column":5}},"25":{"start":{"line":26,"column":0},"end":{"line":26,"column":8}},"27":{"start":{"line":28,"column":0},"end":{"line":28,"column":28}},"28":{"start":{"line":29,"column":0},"end":{"line":29,"column":24}},"29":{"start":{"line":30,"column":0},"end":{"line":30,"column":46}},"30":{"start":{"line":31,"column":0},"end":{"line":31,"column":3}},"32":{"start":{"line":33,"column":0},"end":{"line":33,"column":10}},"33":{"start":{"line":34,"column":0},"end":{"line":34,"column":29}},"34":{"start":{"line":35,"column":0},"end":{"line":35,"column":31}},"35":{"start":{"line":36,"column":0},"end":{"line":36,"column":34}},"36":{"start":{"line":37,"column":0},"end":{"line":37,"column":97}},"37":{"start":{"line":38,"column":0},"end":{"line":38,"column":10}},"38":{"start":{"line":39,"column":0},"end":{"line":39,"column":53}},"39":{"start":{"line":40,"column":0},"end":{"line":40,"column":66}},"40":{"start":{"line":41,"column":0},"end":{"line":41,"column":34}},"41":{"start":{"line":42,"column":0},"end":{"line":42,"column":39}},"42":{"start":{"line":43,"column":0},"end":{"line":43,"column":61}},"44":{"start":{"line":45,"column":0},"end":{"line":45,"column":12}},"45":{"start":{"line":46,"column":0},"end":{"line":46,"column":56}},"47":{"start":{"line":48,"column":0},"end":{"line":48,"column":21}},"48":{"start":{"line":49,"column":0},"end":{"line":49,"column":19}},"49":{"start":{"line":50,"column":0},"end":{"line":50,"column":21}},"50":{"start":{"line":51,"column":0},"end":{"line":51,"column":20}},"51":{"start":{"line":52,"column":0},"end":{"line":52,"column":31}},"52":{"start":{"line":53,"column":0},"end":{"line":53,"column":38}},"53":{"start":{"line":54,"column":0},"end":{"line":54,"column":32}},"54":{"start":{"line":55,"column":0},"end":{"line":55,"column":32}},"55":{"start":{"line":56,"column":0},"end":{"line":56,"column":31}},"56":{"start":{"line":57,"column":0},"end":{"line":57,"column":35}},"57":{"start":{"line":58,"column":0},"end":{"line":58,"column":21}},"58":{"start":{"line":59,"column":0},"end":{"line":59,"column":22}},"59":{"start":{"line":60,"column":0},"end":{"line":60,"column":21}},"60":{"start":{"line":61,"column":0},"end":{"line":61,"column":50}},"61":{"start":{"line":62,"column":0},"end":{"line":62,"column":56}},"62":{"start":{"line":63,"column":0},"end":{"line":63,"column":26}},"63":{"start":{"line":64,"column":0},"end":{"line":64,"column":56}},"64":{"start":{"line":65,"column":0},"end":{"line":65,"column":75}},"65":{"start":{"line":66,"column":0},"end":{"line":66,"column":74}},"66":{"start":{"line":67,"column":0},"end":{"line":67,"column":51}},"67":{"start":{"line":68,"column":0},"end":{"line":68,"column":44}},"68":{"start":{"line":69,"column":0},"end":{"line":69,"column":57}},"69":{"start":{"line":70,"column":0},"end":{"line":70,"column":80}},"70":{"start":{"line":71,"column":0},"end":{"line":71,"column":27}},"71":{"start":{"line":72,"column":0},"end":{"line":72,"column":89}},"72":{"start":{"line":73,"column":0},"end":{"line":73,"column":25}},"74":{"start":{"line":75,"column":0},"end":{"line":75,"column":19}},"75":{"start":{"line":76,"column":0},"end":{"line":76,"column":22}},"76":{"start":{"line":77,"column":0},"end":{"line":77,"column":20}},"77":{"start":{"line":78,"column":0},"end":{"line":78,"column":13}},"79":{"start":{"line":80,"column":0},"end":{"line":80,"column":10}},"81":{"start":{"line":82,"column":0},"end":{"line":82,"column":1}}},"s":{"0":1,"10":9,"11":9,"13":9,"14":4,"15":4,"16":4,"17":3,"18":4,"19":4,"20":1,"21":4,"22":4,"23":4,"24":4,"25":9,"27":9,"28":1,"29":1,"30":1,"32":9,"33":9,"34":9,"35":9,"36":9,"37":9,"38":9,"39":9,"40":9,"41":4,"42":2,"44":2,"45":2,"47":2,"48":2,"49":2,"50":2,"51":2,"52":2,"53":2,"54":2,"55":2,"56":2,"57":2,"58":2,"59":2,"60":2,"61":3,"62":3,"63":3,"64":3,"65":3,"66":3,"67":3,"68":3,"69":3,"70":3,"71":3,"72":3,"74":2,"75":2,"76":2,"77":2,"79":9,"81":9},"branchMap":{"0":{"type":"branch","line":11,"loc":{"start":{"line":11,"column":0},"end":{"line":82,"column":1}},"locations":[{"start":{"line":11,"column":0},"end":{"line":82,"column":1}}]},"1":{"type":"branch","line":39,"loc":{"start":{"line":39,"column":24},"end":{"line":39,"column":53}},"locations":[{"start":{"line":39,"column":24},"end":{"line":39,"column":53}}]},"2":{"type":"branch","line":40,"loc":{"start":{"line":40,"column":24},"end":{"line":40,"column":66}},"locations":[{"start":{"line":40,"column":24},"end":{"line":40,"column":66}}]},"3":{"type":"branch","line":41,"loc":{"start":{"line":41,"column":24},"end":{"line":78,"column":13}},"locations":[{"start":{"line":41,"column":24},"end":{"line":78,"column":13}}]},"4":{"type":"branch","line":42,"loc":{"start":{"line":42,"column":34},"end":{"line":43,"column":61}},"locations":[{"start":{"line":42,"column":34},"end":{"line":43,"column":61}}]},"5":{"type":"branch","line":43,"loc":{"start":{"line":43,"column":57},"end":{"line":78,"column":13}},"locations":[{"start":{"line":43,"column":57},"end":{"line":78,"column":13}}]},"6":{"type":"branch","line":14,"loc":{"start":{"line":14,"column":12},"end":{"line":26,"column":5}},"locations":[{"start":{"line":14,"column":12},"end":{"line":26,"column":5}}]},"7":{"type":"branch","line":17,"loc":{"start":{"line":17,"column":12},"end":{"line":19,"column":7}},"locations":[{"start":{"line":17,"column":12},"end":{"line":19,"column":7}}]},"8":{"type":"branch","line":20,"loc":{"start":{"line":20,"column":13},"end":{"line":22,"column":7}},"locations":[{"start":{"line":20,"column":13},"end":{"line":22,"column":7}}]},"9":{"type":"branch","line":23,"loc":{"start":{"line":23,"column":11},"end":{"line":25,"column":5}},"locations":[{"start":{"line":23,"column":11},"end":{"line":25,"column":5}}]},"10":{"type":"branch","line":28,"loc":{"start":{"line":28,"column":2},"end":{"line":31,"column":3}},"locations":[{"start":{"line":28,"column":2},"end":{"line":31,"column":3}}]},"11":{"type":"branch","line":61,"loc":{"start":{"line":61,"column":35},"end":{"line":75,"column":17}},"locations":[{"start":{"line":61,"column":35},"end":{"line":75,"column":17}}]},"12":{"type":"branch","line":67,"loc":{"start":{"line":67,"column":33},"end":{"line":67,"column":46}},"locations":[{"start":{"line":67,"column":33},"end":{"line":67,"column":46}}]},"13":{"type":"branch","line":72,"loc":{"start":{"line":72,"column":46},"end":{"line":72,"column":72}},"locations":[{"start":{"line":72,"column":46},"end":{"line":72,"column":72}}]},"14":{"type":"branch","line":72,"loc":{"start":{"line":72,"column":58},"end":{"line":72,"column":84}},"locations":[{"start":{"line":72,"column":58},"end":{"line":72,"column":84}}]}},"b":{"0":[9],"1":[4],"2":[1],"3":[4],"4":[2],"5":[2],"6":[4],"7":[3],"8":[1],"9":[4],"10":[1],"11":[3],"12":[2],"13":[1],"14":[2]},"fnMap":{"0":{"name":"History","decl":{"start":{"line":11,"column":0},"end":{"line":82,"column":1}},"loc":{"start":{"line":11,"column":0},"end":{"line":82,"column":1}},"line":11},"1":{"name":"onClear","decl":{"start":{"line":28,"column":2},"end":{"line":31,"column":3}},"loc":{"start":{"line":28,"column":2},"end":{"line":31,"column":3}},"line":28}},"f":{"0":9,"1":1}}
,"/Users/macbook/grantfox/grydlock-extension/src/history/main.tsx": {"path":"/Users/macbook/grantfox/grydlock-extension/src/history/main.tsx","all":true,"statementMap":{"0":{"start":{"line":1,"column":0},"end":{"line":1,"column":34}},"1":{"start":{"line":2,"column":0},"end":{"line":2,"column":45}},"2":{"start":{"line":3,"column":0},"end":{"line":3,"column":31}},"4":{"start":{"line":5,"column":0},"end":{"line":5,"column":52}},"5":{"start":{"line":6,"column":0},"end":{"line":6,"column":14}},"6":{"start":{"line":7,"column":0},"end":{"line":7,"column":15}},"7":{"start":{"line":8,"column":0},"end":{"line":8,"column":16}},"8":{"start":{"line":9,"column":0},"end":{"line":9,"column":1}}},"s":{"0":0,"1":0,"2":0,"4":0,"5":0,"6":0,"7":0,"8":0},"branchMap":{"0":{"type":"branch","line":1,"loc":{"start":{"line":1,"column":216},"end":{"line":9,"column":1}},"locations":[{"start":{"line":1,"column":216},"end":{"line":9,"column":1}}]}},"b":{"0":[0]},"fnMap":{"0":{"name":"(empty-report)","decl":{"start":{"line":1,"column":216},"end":{"line":9,"column":1}},"loc":{"start":{"line":1,"column":216},"end":{"line":9,"column":1}},"line":1}},"f":{"0":0}}
,"/Users/macbook/grantfox/grydlock-extension/src/intercept/resolveOutcome.ts": {"path":"/Users/macbook/grantfox/grydlock-extension/src/intercept/resolveOutcome.ts","all":false,"statementMap":{"14":{"start":{"line":15,"column":0},"end":{"line":15,"column":95}},"15":{"start":{"line":16,"column":0},"end":{"line":16,"column":46}},"16":{"start":{"line":17,"column":0},"end":{"line":17,"column":30}},"18":{"start":{"line":19,"column":0},"end":{"line":19,"column":56}},"19":{"start":{"line":20,"column":0},"end":{"line":20,"column":96}},"20":{"start":{"line":21,"column":0},"end":{"line":21,"column":1}}},"s":{"14":3,"15":3,"16":3,"18":2,"19":2,"20":2},"branchMap":{"0":{"type":"branch","line":15,"loc":{"start":{"line":15,"column":0},"end":{"line":21,"column":1}},"locations":[{"start":{"line":15,"column":0},"end":{"line":21,"column":1}}]},"1":{"type":"branch","line":17,"loc":{"start":{"line":17,"column":16},"end":{"line":17,"column":30}},"locations":[{"start":{"line":17,"column":16},"end":{"line":17,"column":30}}]},"2":{"type":"branch","line":17,"loc":{"start":{"line":17,"column":23},"end":{"line":21,"column":1}},"locations":[{"start":{"line":17,"column":23},"end":{"line":21,"column":1}}]}},"b":{"0":[3],"1":[1],"2":[2]},"fnMap":{"0":{"name":"resolveOutcome","decl":{"start":{"line":15,"column":0},"end":{"line":21,"column":1}},"loc":{"start":{"line":15,"column":0},"end":{"line":21,"column":1}},"line":15}},"f":{"0":3}}
,"/Users/macbook/grantfox/grydlock-extension/src/lib/history.ts": {"path":"/Users/macbook/grantfox/grydlock-extension/src/lib/history.ts","all":false,"statementMap":{"12":{"start":{"line":13,"column":0},"end":{"line":13,"column":44}},"13":{"start":{"line":14,"column":0},"end":{"line":14,"column":32}},"16":{"start":{"line":17,"column":0},"end":{"line":17,"column":91}},"17":{"start":{"line":18,"column":0},"end":{"line":18,"column":52}},"18":{"start":{"line":19,"column":0},"end":{"line":19,"column":1}},"20":{"start":{"line":21,"column":0},"end":{"line":21,"column":62}},"21":{"start":{"line":22,"column":0},"end":{"line":22,"column":60}},"22":{"start":{"line":23,"column":0},"end":{"line":23,"column":37}},"23":{"start":{"line":24,"column":0},"end":{"line":24,"column":46}},"24":{"start":{"line":25,"column":0},"end":{"line":25,"column":1}},"26":{"start":{"line":27,"column":0},"end":{"line":27,"column":74}},"27":{"start":{"line":28,"column":0},"end":{"line":28,"column":37}},"28":{"start":{"line":29,"column":0},"end":{"line":29,"column":80}},"29":{"start":{"line":30,"column":0},"end":{"line":30,"column":1}},"31":{"start":{"line":32,"column":0},"end":{"line":32,"column":53}},"32":{"start":{"line":33,"column":0},"end":{"line":33,"column":48}},"33":{"start":{"line":34,"column":0},"end":{"line":34,"column":1}}},"s":{"12":1,"13":1,"16":1,"17":3,"18":3,"20":8,"21":8,"22":6,"23":8,"24":8,"26":2,"27":2,"28":1,"29":1,"31":2,"32":2,"33":2},"branchMap":{"0":{"type":"branch","line":17,"loc":{"start":{"line":17,"column":7},"end":{"line":19,"column":1}},"locations":[{"start":{"line":17,"column":7},"end":{"line":19,"column":1}}]},"1":{"type":"branch","line":21,"loc":{"start":{"line":21,"column":0},"end":{"line":25,"column":1}},"locations":[{"start":{"line":21,"column":0},"end":{"line":25,"column":1}}]},"2":{"type":"branch","line":22,"loc":{"start":{"line":22,"column":59},"end":{"line":24,"column":44}},"locations":[{"start":{"line":22,"column":59},"end":{"line":24,"column":44}}]},"3":{"type":"branch","line":22,"loc":{"start":{"line":22,"column":59},"end":{"line":24,"column":34}},"locations":[{"start":{"line":22,"column":59},"end":{"line":24,"column":34}}]},"4":{"type":"branch","line":24,"loc":{"start":{"line":24,"column":30},"end":{"line":24,"column":44}},"locations":[{"start":{"line":24,"column":30},"end":{"line":24,"column":44}}]},"5":{"type":"branch","line":24,"loc":{"start":{"line":24,"column":34},"end":{"line":24,"column":46}},"locations":[{"start":{"line":24,"column":34},"end":{"line":24,"column":46}}]},"6":{"type":"branch","line":27,"loc":{"start":{"line":27,"column":0},"end":{"line":30,"column":1}},"locations":[{"start":{"line":27,"column":0},"end":{"line":30,"column":1}}]},"7":{"type":"branch","line":28,"loc":{"start":{"line":28,"column":36},"end":{"line":30,"column":1}},"locations":[{"start":{"line":28,"column":36},"end":{"line":30,"column":1}}]},"8":{"type":"branch","line":32,"loc":{"start":{"line":32,"column":0},"end":{"line":34,"column":1}},"locations":[{"start":{"line":32,"column":0},"end":{"line":34,"column":1}}]}},"b":{"0":[3],"1":[8],"2":[7],"3":[6],"4":[4],"5":[2],"6":[2],"7":[1],"8":[2]},"fnMap":{"0":{"name":"appendEntry","decl":{"start":{"line":17,"column":7},"end":{"line":19,"column":1}},"loc":{"start":{"line":17,"column":7},"end":{"line":19,"column":1}},"line":17},"1":{"name":"readHistory","decl":{"start":{"line":21,"column":0},"end":{"line":25,"column":1}},"loc":{"start":{"line":21,"column":0},"end":{"line":25,"column":1}},"line":21},"2":{"name":"recordDecision","decl":{"start":{"line":27,"column":0},"end":{"line":30,"column":1}},"loc":{"start":{"line":27,"column":0},"end":{"line":30,"column":1}},"line":27},"3":{"name":"clearHistory","decl":{"start":{"line":32,"column":0},"end":{"line":34,"column":1}},"loc":{"start":{"line":32,"column":0},"end":{"line":34,"column":1}},"line":32}},"f":{"0":3,"1":8,"2":2,"3":2}}
,"/Users/macbook/grantfox/grydlock-extension/src/lib/tiers.ts": {"path":"/Users/macbook/grantfox/grydlock-extension/src/lib/tiers.ts","all":false,"statementMap":{"16":{"start":{"line":17,"column":0},"end":{"line":17,"column":55}},"17":{"start":{"line":18,"column":0},"end":{"line":18,"column":3}},"18":{"start":{"line":19,"column":0},"end":{"line":19,"column":12}},"19":{"start":{"line":20,"column":0},"end":{"line":20,"column":11}},"20":{"start":{"line":21,"column":0},"end":{"line":21,"column":18}},"21":{"start":{"line":22,"column":0},"end":{"line":22,"column":19}},"22":{"start":{"line":23,"column":0},"end":{"line":23,"column":55}},"23":{"start":{"line":24,"column":0},"end":{"line":24,"column":61}},"24":{"start":{"line":25,"column":0},"end":{"line":25,"column":16}},"25":{"start":{"line":26,"column":0},"end":{"line":26,"column":50}},"26":{"start":{"line":27,"column":0},"end":{"line":27,"column":6}},"27":{"start":{"line":28,"column":0},"end":{"line":28,"column":4}},"28":{"start":{"line":29,"column":0},"end":{"line":29,"column":3}},"29":{"start":{"line":30,"column":0},"end":{"line":30,"column":12}},"30":{"start":{"line":31,"column":0},"end":{"line":31,"column":11}},"31":{"start":{"line":32,"column":0},"end":{"line":32,"column":23}},"32":{"start":{"line":33,"column":0},"end":{"line":33,"column":24}},"33":{"start":{"line":34,"column":0},"end":{"line":34,"column":86}},"34":{"start":{"line":35,"column":0},"end":{"line":35,"column":61}},"35":{"start":{"line":36,"column":0},"end":{"line":36,"column":16}},"36":{"start":{"line":37,"column":0},"end":{"line":37,"column":70}},"37":{"start":{"line":38,"column":0},"end":{"line":38,"column":6}},"38":{"start":{"line":39,"column":0},"end":{"line":39,"column":4}},"39":{"start":{"line":40,"column":0},"end":{"line":40,"column":3}},"40":{"start":{"line":41,"column":0},"end":{"line":41,"column":12}},"41":{"start":{"line":42,"column":0},"end":{"line":42,"column":11}},"42":{"start":{"line":43,"column":0},"end":{"line":43,"column":19}},"43":{"start":{"line":44,"column":0},"end":{"line":44,"column":20}},"44":{"start":{"line":45,"column":0},"end":{"line":45,"column":86}},"45":{"start":{"line":46,"column":0},"end":{"line":46,"column":61}},"46":{"start":{"line":47,"column":0},"end":{"line":47,"column":16}},"47":{"start":{"line":48,"column":0},"end":{"line":48,"column":80}},"48":{"start":{"line":49,"column":0},"end":{"line":49,"column":6}},"49":{"start":{"line":50,"column":0},"end":{"line":50,"column":4}},"50":{"start":{"line":51,"column":0},"end":{"line":51,"column":3}},"51":{"start":{"line":52,"column":0},"end":{"line":52,"column":13}},"52":{"start":{"line":53,"column":0},"end":{"line":53,"column":11}},"53":{"start":{"line":54,"column":0},"end":{"line":54,"column":23}},"54":{"start":{"line":55,"column":0},"end":{"line":55,"column":24}},"55":{"start":{"line":56,"column":0},"end":{"line":56,"column":55}},"56":{"start":{"line":57,"column":0},"end":{"line":57,"column":61}},"57":{"start":{"line":58,"column":0},"end":{"line":58,"column":16}},"58":{"start":{"line":59,"column":0},"end":{"line":59,"column":88}},"59":{"start":{"line":60,"column":0},"end":{"line":60,"column":6}},"60":{"start":{"line":61,"column":0},"end":{"line":61,"column":4}},"61":{"start":{"line":62,"column":0},"end":{"line":62,"column":1}},"63":{"start":{"line":64,"column":0},"end":{"line":64,"column":55}},"64":{"start":{"line":65,"column":0},"end":{"line":65,"column":51}},"65":{"start":{"line":66,"column":0},"end":{"line":66,"column":55}},"66":{"start":{"line":67,"column":0},"end":{"line":67,"column":20}},"67":{"start":{"line":68,"column":0},"end":{"line":68,"column":1}}},"s":{"16":1,"17":1,"18":1,"19":1,"20":1,"21":1,"22":1,"23":1,"24":1,"25":1,"26":1,"27":1,"28":1,"29":1,"30":1,"31":1,"32":1,"33":1,"34":1,"35":1,"36":1,"37":1,"38":1,"39":1,"40":1,"41":1,"42":1,"43":1,"44":1,"45":1,"46":1,"47":1,"48":1,"49":1,"50":1,"51":1,"52":1,"53":1,"54":1,"55":1,"56":1,"57":1,"58":1,"59":1,"60":1,"61":1,"63":1,"64":53,"65":53,"66":53,"67":53},"branchMap":{"0":{"type":"branch","line":64,"loc":{"start":{"line":64,"column":7},"end":{"line":68,"column":1}},"locations":[{"start":{"line":64,"column":7},"end":{"line":68,"column":1}}]},"1":{"type":"branch","line":66,"loc":{"start":{"line":66,"column":27},"end":{"line":66,"column":54}},"locations":[{"start":{"line":66,"column":27},"end":{"line":66,"column":54}}]}},"b":{"0":[53],"1":[142]},"fnMap":{"0":{"name":"tierForScore","decl":{"start":{"line":64,"column":7},"end":{"line":68,"column":1}},"loc":{"start":{"line":64,"column":7},"end":{"line":68,"column":1}},"line":64}},"f":{"0":53}}
,"/Users/macbook/grantfox/grydlock-extension/src/popup/App.tsx": {"path":"/Users/macbook/grantfox/grydlock-extension/src/popup/App.tsx","all":false,"statementMap":{"0":{"start":{"line":1,"column":0},"end":{"line":1,"column":43}},"8":{"start":{"line":9,"column":0},"end":{"line":9,"column":89}},"12":{"start":{"line":13,"column":0},"end":{"line":13,"column":31}},"13":{"start":{"line":14,"column":0},"end":{"line":14,"column":60}},"14":{"start":{"line":15,"column":0},"end":{"line":15,"column":43}},"15":{"start":{"line":16,"column":0},"end":{"line":16,"column":44}},"16":{"start":{"line":17,"column":0},"end":{"line":17,"column":3}},"17":{"start":{"line":18,"column":0},"end":{"line":18,"column":23}},"18":{"start":{"line":19,"column":0},"end":{"line":19,"column":1}},"20":{"start":{"line":21,"column":0},"end":{"line":21,"column":65}},"21":{"start":{"line":22,"column":0},"end":{"line":22,"column":49}},"22":{"start":{"line":23,"column":0},"end":{"line":23,"column":53}},"23":{"start":{"line":24,"column":0},"end":{"line":24,"column":48}},"24":{"start":{"line":25,"column":0},"end":{"line":25,"column":50}},"25":{"start":{"line":26,"column":0},"end":{"line":26,"column":34}},"27":{"start":{"line":28,"column":0},"end":{"line":28,"column":52}},"28":{"start":{"line":29,"column":0},"end":{"line":29,"column":94}},"29":{"start":{"line":30,"column":0},"end":{"line":30,"column":39}},"30":{"start":{"line":31,"column":0},"end":{"line":31,"column":18}},"31":{"start":{"line":32,"column":0},"end":{"line":32,"column":3}},"33":{"start":{"line":34,"column":0},"end":{"line":34,"column":10}},"34":{"start":{"line":35,"column":0},"end":{"line":35,"column":16}},"35":{"start":{"line":36,"column":0},"end":{"line":36,"column":17}},"36":{"start":{"line":37,"column":0},"end":{"line":37,"column":19}},"37":{"start":{"line":38,"column":0},"end":{"line":38,"column":69}},"38":{"start":{"line":39,"column":0},"end":{"line":39,"column":40}},"39":{"start":{"line":40,"column":0},"end":{"line":40,"column":42}},"40":{"start":{"line":41,"column":0},"end":{"line":41,"column":6}},"42":{"start":{"line":43,"column":0},"end":{"line":43,"column":1}},"44":{"start":{"line":45,"column":0},"end":{"line":45,"column":23}},"45":{"start":{"line":46,"column":0},"end":{"line":46,"column":43}},"46":{"start":{"line":47,"column":0},"end":{"line":47,"column":77}},"47":{"start":{"line":48,"column":0},"end":{"line":48,"column":1}},"49":{"start":{"line":50,"column":0},"end":{"line":50,"column":58}},"50":{"start":{"line":51,"column":0},"end":{"line":51,"column":70}},"51":{"start":{"line":52,"column":0},"end":{"line":52,"column":69}},"53":{"start":{"line":54,"column":0},"end":{"line":54,"column":19}},"54":{"start":{"line":55,"column":0},"end":{"line":55,"column":25}},"55":{"start":{"line":56,"column":0},"end":{"line":56,"column":37}},"56":{"start":{"line":57,"column":0},"end":{"line":57,"column":24}},"57":{"start":{"line":58,"column":0},"end":{"line":58,"column":60}},"58":{"start":{"line":59,"column":0},"end":{"line":59,"column":8}},"59":{"start":{"line":60,"column":0},"end":{"line":60,"column":20}},"60":{"start":{"line":61,"column":0},"end":{"line":61,"column":53}},"61":{"start":{"line":62,"column":0},"end":{"line":62,"column":8}},"62":{"start":{"line":63,"column":0},"end":{"line":63,"column":18}},"63":{"start":{"line":64,"column":0},"end":{"line":64,"column":22}},"64":{"start":{"line":65,"column":0},"end":{"line":65,"column":5}},"65":{"start":{"line":66,"column":0},"end":{"line":66,"column":8}},"67":{"start":{"line":68,"column":0},"end":{"line":68,"column":35}},"68":{"start":{"line":69,"column":0},"end":{"line":69,"column":61}},"69":{"start":{"line":70,"column":0},"end":{"line":70,"column":3}},"71":{"start":{"line":72,"column":0},"end":{"line":72,"column":33}},"72":{"start":{"line":73,"column":0},"end":{"line":73,"column":12}},"73":{"start":{"line":74,"column":0},"end":{"line":74,"column":29}},"74":{"start":{"line":75,"column":0},"end":{"line":75,"column":67}},"75":{"start":{"line":76,"column":0},"end":{"line":76,"column":54}},"77":{"start":{"line":78,"column":0},"end":{"line":78,"column":17}},"78":{"start":{"line":79,"column":0},"end":{"line":79,"column":12}},"80":{"start":{"line":81,"column":0},"end":{"line":81,"column":3}},"82":{"start":{"line":83,"column":0},"end":{"line":83,"column":49}},"83":{"start":{"line":84,"column":0},"end":{"line":84,"column":41}},"85":{"start":{"line":86,"column":0},"end":{"line":86,"column":10}},"86":{"start":{"line":87,"column":0},"end":{"line":87,"column":16}},"87":{"start":{"line":88,"column":0},"end":{"line":88,"column":17}},"88":{"start":{"line":89,"column":0},"end":{"line":89,"column":26}},"89":{"start":{"line":90,"column":0},"end":{"line":90,"column":37}},"90":{"start":{"line":91,"column":0},"end":{"line":91,"column":38}},"91":{"start":{"line":92,"column":0},"end":{"line":92,"column":18}},"92":{"start":{"line":93,"column":0},"end":{"line":93,"column":96}},"94":{"start":{"line":95,"column":0},"end":{"line":95,"column":6}},"96":{"start":{"line":97,"column":0},"end":{"line":97,"column":1}}},"s":{"0":1,"8":1,"12":16,"13":16,"14":16,"15":7,"16":7,"17":9,"18":9,"20":7,"21":7,"22":7,"23":7,"24":7,"25":7,"27":7,"28":3,"29":3,"30":3,"31":3,"33":7,"34":7,"35":7,"36":7,"37":7,"38":7,"39":7,"40":7,"42":7,"44":10,"45":10,"46":10,"47":10,"49":20,"50":20,"51":20,"53":20,"54":10,"55":10,"56":10,"57":7,"58":10,"59":10,"60":2,"61":10,"62":10,"63":10,"64":10,"65":20,"67":20,"68":10,"69":10,"71":20,"72":2,"73":2,"74":2,"75":2,"77":2,"78":2,"80":2,"82":20,"83":20,"85":20,"86":20,"87":20,"88":20,"89":20,"90":20,"91":20,"92":20,"94":20,"96":20},"branchMap":{"0":{"type":"branch","line":13,"loc":{"start":{"line":13,"column":0},"end":{"line":19,"column":1}},"locations":[{"start":{"line":13,"column":0},"end":{"line":19,"column":1}}]},"1":{"type":"branch","line":15,"loc":{"start":{"line":15,"column":42},"end":{"line":17,"column":3}},"locations":[{"start":{"line":15,"column":42},"end":{"line":17,"column":3}}]},"2":{"type":"branch","line":17,"loc":{"start":{"line":17,"column":2},"end":{"line":19,"column":1}},"locations":[{"start":{"line":17,"column":2},"end":{"line":19,"column":1}}]},"3":{"type":"branch","line":21,"loc":{"start":{"line":21,"column":0},"end":{"line":43,"column":1}},"locations":[{"start":{"line":21,"column":0},"end":{"line":43,"column":1}}]},"4":{"type":"branch","line":22,"loc":{"start":{"line":22,"column":42},"end":{"line":22,"column":49}},"locations":[{"start":{"line":22,"column":42},"end":{"line":22,"column":49}}]},"5":{"type":"branch","line":23,"loc":{"start":{"line":23,"column":46},"end":{"line":23,"column":53}},"locations":[{"start":{"line":23,"column":46},"end":{"line":23,"column":53}}]},"6":{"type":"branch","line":25,"loc":{"start":{"line":25,"column":41},"end":{"line":25,"column":49}},"locations":[{"start":{"line":25,"column":41},"end":{"line":25,"column":49}}]},"7":{"type":"branch","line":38,"loc":{"start":{"line":38,"column":19},"end":{"line":38,"column":57}},"locations":[{"start":{"line":38,"column":19},"end":{"line":38,"column":57}}]},"8":{"type":"branch","line":28,"loc":{"start":{"line":28,"column":2},"end":{"line":32,"column":3}},"locations":[{"start":{"line":28,"column":2},"end":{"line":32,"column":3}}]},"9":{"type":"branch","line":39,"loc":{"start":{"line":39,"column":16},"end":{"line":39,"column":40}},"locations":[{"start":{"line":39,"column":16},"end":{"line":39,"column":40}}]},"10":{"type":"branch","line":40,"loc":{"start":{"line":40,"column":17},"end":{"line":40,"column":42}},"locations":[{"start":{"line":40,"column":17},"end":{"line":40,"column":42}}]},"11":{"type":"branch","line":45,"loc":{"start":{"line":45,"column":0},"end":{"line":48,"column":1}},"locations":[{"start":{"line":45,"column":0},"end":{"line":48,"column":1}}]},"12":{"type":"branch","line":47,"loc":{"start":{"line":47,"column":43},"end":{"line":47,"column":75}},"locations":[{"start":{"line":47,"column":43},"end":{"line":47,"column":75}}]},"13":{"type":"branch","line":47,"loc":{"start":{"line":47,"column":60},"end":{"line":47,"column":72}},"locations":[{"start":{"line":47,"column":60},"end":{"line":47,"column":72}}]},"14":{"type":"branch","line":50,"loc":{"start":{"line":50,"column":0},"end":{"line":97,"column":1}},"locations":[{"start":{"line":50,"column":0},"end":{"line":97,"column":1}}]},"15":{"type":"branch","line":68,"loc":{"start":{"line":68,"column":34},"end":{"line":72,"column":32}},"locations":[{"start":{"line":68,"column":34},"end":{"line":72,"column":32}}]},"16":{"type":"branch","line":72,"loc":{"start":{"line":72,"column":32},"end":{"line":81,"column":3}},"locations":[{"start":{"line":72,"column":32},"end":{"line":81,"column":3}}]},"17":{"type":"branch","line":81,"loc":{"start":{"line":81,"column":2},"end":{"line":83,"column":38}},"locations":[{"start":{"line":81,"column":2},"end":{"line":83,"column":38}}]},"18":{"type":"branch","line":83,"loc":{"start":{"line":83,"column":23},"end":{"line":83,"column":49}},"locations":[{"start":{"line":83,"column":23},"end":{"line":83,"column":49}}]},"19":{"type":"branch","line":93,"loc":{"start":{"line":93,"column":24},"end":{"line":93,"column":96}},"locations":[{"start":{"line":93,"column":24},"end":{"line":93,"column":96}}]},"20":{"type":"branch","line":54,"loc":{"start":{"line":54,"column":12},"end":{"line":66,"column":5}},"locations":[{"start":{"line":54,"column":12},"end":{"line":66,"column":5}}]},"21":{"type":"branch","line":57,"loc":{"start":{"line":57,"column":12},"end":{"line":59,"column":7}},"locations":[{"start":{"line":57,"column":12},"end":{"line":59,"column":7}}]},"22":{"type":"branch","line":60,"loc":{"start":{"line":60,"column":13},"end":{"line":62,"column":7}},"locations":[{"start":{"line":60,"column":13},"end":{"line":62,"column":7}}]},"23":{"type":"branch","line":63,"loc":{"start":{"line":63,"column":11},"end":{"line":65,"column":5}},"locations":[{"start":{"line":63,"column":11},"end":{"line":65,"column":5}}]}},"b":{"0":[16],"1":[7],"2":[9],"3":[7],"4":[0],"5":[0],"6":[0],"7":[0],"8":[3],"9":[2],"10":[1],"11":[10],"12":[1],"13":[1],"14":[20],"15":[10],"16":[2],"17":[8],"18":[7],"19":[8],"20":[10],"21":[7],"22":[2],"23":[10]},"fnMap":{"0":{"name":"App","decl":{"start":{"line":13,"column":0},"end":{"line":19,"column":1}},"loc":{"start":{"line":13,"column":0},"end":{"line":19,"column":1}},"line":13},"1":{"name":"InterceptView","decl":{"start":{"line":21,"column":0},"end":{"line":43,"column":1}},"loc":{"start":{"line":21,"column":0},"end":{"line":43,"column":1}},"line":21},"2":{"name":"respond","decl":{"start":{"line":28,"column":2},"end":{"line":32,"column":3}},"loc":{"start":{"line":28,"column":2},"end":{"line":32,"column":3}},"line":28},"3":{"name":"onCancel","decl":{"start":{"line":39,"column":16},"end":{"line":39,"column":40}},"loc":{"start":{"line":39,"column":16},"end":{"line":39,"column":40}},"line":39},"4":{"name":"onProceed","decl":{"start":{"line":40,"column":17},"end":{"line":40,"column":42}},"loc":{"start":{"line":40,"column":17},"end":{"line":40,"column":42}},"line":40},"5":{"name":"DevPreview","decl":{"start":{"line":45,"column":0},"end":{"line":48,"column":1}},"loc":{"start":{"line":45,"column":0},"end":{"line":48,"column":1}},"line":45},"6":{"name":"onRetry","decl":{"start":{"line":47,"column":43},"end":{"line":47,"column":75}},"loc":{"start":{"line":47,"column":43},"end":{"line":47,"column":75}},"line":47},"7":{"name":"ScoreView","decl":{"start":{"line":50,"column":0},"end":{"line":97,"column":1}},"loc":{"start":{"line":50,"column":0},"end":{"line":97,"column":1}},"line":50},"8":{"name":"onCancel","decl":{"start":{"line":90,"column":16},"end":{"line":90,"column":37}},"loc":{"start":{"line":90,"column":16},"end":{"line":90,"column":37}},"line":90},"9":{"name":"onProceed","decl":{"start":{"line":91,"column":17},"end":{"line":91,"column":38}},"loc":{"start":{"line":91,"column":17},"end":{"line":91,"column":38}},"line":91}},"f":{"0":16,"1":7,"2":3,"3":2,"4":1,"5":10,"6":1,"7":20,"8":0,"9":0}}
,"/Users/macbook/grantfox/grydlock-extension/src/popup/DevScoreSlider.tsx": {"path":"/Users/macbook/grantfox/grydlock-extension/src/popup/DevScoreSlider.tsx","all":false,"statementMap":{"0":{"start":{"line":1,"column":0},"end":{"line":1,"column":31}},"5":{"start":{"line":6,"column":0},"end":{"line":6,"column":82}},"6":{"start":{"line":7,"column":0},"end":{"line":7,"column":10}},"7":{"start":{"line":8,"column":0},"end":{"line":8,"column":32}},"8":{"start":{"line":9,"column":0},"end":{"line":9,"column":70}},"9":{"start":{"line":10,"column":0},"end":{"line":10,"column":12}},"10":{"start":{"line":11,"column":0},"end":{"line":11,"column":22}},"11":{"start":{"line":12,"column":0},"end":{"line":12,"column":20}},"12":{"start":{"line":13,"column":0},"end":{"line":13,"column":15}},"13":{"start":{"line":14,"column":0},"end":{"line":14,"column":17}},"14":{"start":{"line":15,"column":0},"end":{"line":15,"column":21}},"15":{"start":{"line":16,"column":0},"end":{"line":16,"column":58}},"16":{"start":{"line":17,"column":0},"end":{"line":17,"column":8}},"17":{"start":{"line":18,"column":0},"end":{"line":18,"column":10}},"19":{"start":{"line":20,"column":0},"end":{"line":20,"column":1}}},"s":{"0":1,"5":9,"6":9,"7":9,"8":9,"9":9,"10":9,"11":9,"12":9,"13":9,"14":9,"15":9,"16":9,"17":9,"19":9},"branchMap":{"0":{"type":"branch","line":6,"loc":{"start":{"line":6,"column":0},"end":{"line":20,"column":1}},"locations":[{"start":{"line":6,"column":0},"end":{"line":20,"column":1}}]},"1":{"type":"branch","line":16,"loc":{"start":{"line":16,"column":18},"end":{"line":16,"column":58}},"locations":[{"start":{"line":16,"column":18},"end":{"line":16,"column":58}}]}},"b":{"0":[9],"1":[1]},"fnMap":{"0":{"name":"DevScoreSlider","decl":{"start":{"line":6,"column":0},"end":{"line":20,"column":1}},"loc":{"start":{"line":6,"column":0},"end":{"line":20,"column":1}},"line":6},"1":{"name":"onChange","decl":{"start":{"line":16,"column":18},"end":{"line":16,"column":58}},"loc":{"start":{"line":16,"column":18},"end":{"line":16,"column":58}},"line":16}},"f":{"0":9,"1":1}}
,"/Users/macbook/grantfox/grydlock-extension/src/popup/TierWarning.tsx": {"path":"/Users/macbook/grantfox/grydlock-extension/src/popup/TierWarning.tsx","all":false,"statementMap":{"0":{"start":{"line":1,"column":0},"end":{"line":1,"column":58}},"13":{"start":{"line":14,"column":0},"end":{"line":14,"column":28}},"14":{"start":{"line":15,"column":0},"end":{"line":15,"column":12}},"15":{"start":{"line":16,"column":0},"end":{"line":16,"column":27}},"16":{"start":{"line":17,"column":0},"end":{"line":17,"column":26}},"17":{"start":{"line":18,"column":0},"end":{"line":18,"column":27}},"18":{"start":{"line":19,"column":0},"end":{"line":19,"column":29}},"19":{"start":{"line":20,"column":0},"end":{"line":20,"column":36}},"20":{"start":{"line":21,"column":0},"end":{"line":21,"column":11}},"22":{"start":{"line":23,"column":0},"end":{"line":23,"column":65}},"23":{"start":{"line":24,"column":0},"end":{"line":24,"column":88}},"24":{"start":{"line":25,"column":0},"end":{"line":25,"column":84}},"25":{"start":{"line":26,"column":0},"end":{"line":26,"column":3}},"26":{"start":{"line":27,"column":0},"end":{"line":27,"column":1}},"28":{"start":{"line":29,"column":0},"end":{"line":29,"column":37}},"29":{"start":{"line":30,"column":0},"end":{"line":30,"column":7}},"30":{"start":{"line":31,"column":0},"end":{"line":31,"column":8}},"31":{"start":{"line":32,"column":0},"end":{"line":32,"column":14}},"32":{"start":{"line":33,"column":0},"end":{"line":33,"column":11}},"33":{"start":{"line":34,"column":0},"end":{"line":34,"column":12}},"34":{"start":{"line":35,"column":0},"end":{"line":35,"column":13}},"35":{"start":{"line":36,"column":0},"end":{"line":36,"column":22}},"36":{"start":{"line":37,"column":0},"end":{"line":37,"column":48}},"37":{"start":{"line":38,"column":0},"end":{"line":38,"column":51}},"38":{"start":{"line":39,"column":0},"end":{"line":39,"column":31}},"39":{"start":{"line":40,"column":0},"end":{"line":40,"column":35}},"40":{"start":{"line":41,"column":0},"end":{"line":41,"column":59}},"41":{"start":{"line":42,"column":0},"end":{"line":42,"column":70}},"42":{"start":{"line":43,"column":0},"end":{"line":43,"column":55}},"43":{"start":{"line":44,"column":0},"end":{"line":44,"column":63}},"44":{"start":{"line":45,"column":0},"end":{"line":45,"column":49}},"45":{"start":{"line":46,"column":0},"end":{"line":46,"column":24}},"46":{"start":{"line":47,"column":0},"end":{"line":47,"column":62}},"47":{"start":{"line":48,"column":0},"end":{"line":48,"column":12}},"48":{"start":{"line":49,"column":0},"end":{"line":49,"column":32}},"49":{"start":{"line":50,"column":0},"end":{"line":50,"column":23}},"50":{"start":{"line":51,"column":0},"end":{"line":51,"column":70}},"52":{"start":{"line":53,"column":0},"end":{"line":53,"column":19}},"53":{"start":{"line":54,"column":0},"end":{"line":54,"column":30}},"54":{"start":{"line":55,"column":0},"end":{"line":55,"column":8}},"56":{"start":{"line":57,"column":0},"end":{"line":57,"column":19}},"57":{"start":{"line":58,"column":0},"end":{"line":58,"column":69}},"58":{"start":{"line":59,"column":0},"end":{"line":59,"column":54}},"59":{"start":{"line":60,"column":0},"end":{"line":60,"column":14}},"60":{"start":{"line":61,"column":0},"end":{"line":61,"column":7}},"62":{"start":{"line":63,"column":0},"end":{"line":63,"column":64}},"63":{"start":{"line":64,"column":0},"end":{"line":64,"column":30}},"64":{"start":{"line":65,"column":0},"end":{"line":65,"column":34}},"65":{"start":{"line":66,"column":0},"end":{"line":66,"column":7}},"66":{"start":{"line":67,"column":0},"end":{"line":67,"column":5}},"68":{"start":{"line":69,"column":0},"end":{"line":69,"column":63}},"69":{"start":{"line":70,"column":0},"end":{"line":70,"column":79}},"70":{"start":{"line":71,"column":0},"end":{"line":71,"column":8}},"72":{"start":{"line":73,"column":0},"end":{"line":73,"column":64}},"73":{"start":{"line":74,"column":0},"end":{"line":74,"column":33}},"74":{"start":{"line":75,"column":0},"end":{"line":75,"column":16}},"75":{"start":{"line":76,"column":0},"end":{"line":76,"column":12}},"76":{"start":{"line":77,"column":0},"end":{"line":77,"column":5}},"78":{"start":{"line":79,"column":0},"end":{"line":79,"column":52}},"79":{"start":{"line":80,"column":0},"end":{"line":80,"column":12}},"80":{"start":{"line":81,"column":0},"end":{"line":81,"column":5}},"82":{"start":{"line":83,"column":0},"end":{"line":83,"column":56}},"83":{"start":{"line":84,"column":0},"end":{"line":84,"column":33}},"84":{"start":{"line":85,"column":0},"end":{"line":85,"column":12}},"85":{"start":{"line":86,"column":0},"end":{"line":86,"column":5}},"87":{"start":{"line":88,"column":0},"end":{"line":88,"column":81}},"88":{"start":{"line":89,"column":0},"end":{"line":89,"column":36}},"89":{"start":{"line":90,"column":0},"end":{"line":90,"column":25}},"90":{"start":{"line":91,"column":0},"end":{"line":91,"column":30}},"91":{"start":{"line":92,"column":0},"end":{"line":92,"column":26}},"92":{"start":{"line":93,"column":0},"end":{"line":93,"column":68}},"93":{"start":{"line":94,"column":0},"end":{"line":94,"column":11}},"94":{"start":{"line":95,"column":0},"end":{"line":95,"column":26}},"96":{"start":{"line":97,"column":0},"end":{"line":97,"column":26}},"97":{"start":{"line":98,"column":0},"end":{"line":98,"column":32}},"98":{"start":{"line":99,"column":0},"end":{"line":99,"column":3}},"100":{"start":{"line":101,"column":0},"end":{"line":101,"column":10}},"101":{"start":{"line":102,"column":0},"end":{"line":102,"column":8}},"102":{"start":{"line":103,"column":0},"end":{"line":103,"column":21}},"103":{"start":{"line":104,"column":0},"end":{"line":104,"column":23}},"104":{"start":{"line":105,"column":0},"end":{"line":105,"column":27}},"105":{"start":{"line":106,"column":0},"end":{"line":106,"column":19}},"106":{"start":{"line":107,"column":0},"end":{"line":107,"column":23}},"107":{"start":{"line":108,"column":0},"end":{"line":108,"column":42}},"108":{"start":{"line":109,"column":0},"end":{"line":109,"column":31}},"109":{"start":{"line":110,"column":0},"end":{"line":110,"column":13}},"110":{"start":{"line":111,"column":0},"end":{"line":111,"column":9}},"111":{"start":{"line":112,"column":0},"end":{"line":112,"column":45}},"112":{"start":{"line":113,"column":0},"end":{"line":113,"column":48}},"113":{"start":{"line":114,"column":0},"end":{"line":114,"column":26}},"117":{"start":{"line":118,"column":0},"end":{"line":118,"column":56}},"118":{"start":{"line":119,"column":0},"end":{"line":119,"column":55}},"119":{"start":{"line":120,"column":0},"end":{"line":120,"column":21}},"120":{"start":{"line":121,"column":0},"end":{"line":121,"column":20}},"121":{"start":{"line":122,"column":0},"end":{"line":122,"column":25}},"122":{"start":{"line":123,"column":0},"end":{"line":123,"column":11}},"123":{"start":{"line":124,"column":0},"end":{"line":124,"column":67}},"124":{"start":{"line":125,"column":0},"end":{"line":125,"column":45}},"125":{"start":{"line":126,"column":0},"end":{"line":126,"column":47}},"126":{"start":{"line":127,"column":0},"end":{"line":127,"column":36}},"127":{"start":{"line":128,"column":0},"end":{"line":128,"column":89}},"128":{"start":{"line":129,"column":0},"end":{"line":129,"column":16}},"129":{"start":{"line":130,"column":0},"end":{"line":130,"column":30}},"130":{"start":{"line":131,"column":0},"end":{"line":131,"column":27}},"131":{"start":{"line":132,"column":0},"end":{"line":132,"column":35}},"132":{"start":{"line":133,"column":0},"end":{"line":133,"column":72}},"133":{"start":{"line":134,"column":0},"end":{"line":134,"column":12}},"134":{"start":{"line":135,"column":0},"end":{"line":135,"column":79}},"135":{"start":{"line":136,"column":0},"end":{"line":136,"column":16}},"137":{"start":{"line":138,"column":0},"end":{"line":138,"column":40}},"138":{"start":{"line":139,"column":0},"end":{"line":139,"column":44}},"139":{"start":{"line":140,"column":0},"end":{"line":140,"column":45}},"140":{"start":{"line":141,"column":0},"end":{"line":141,"column":69}},"141":{"start":{"line":142,"column":0},"end":{"line":142,"column":18}},"142":{"start":{"line":143,"column":0},"end":{"line":143,"column":16}},"143":{"start":{"line":144,"column":0},"end":{"line":144,"column":34}},"144":{"start":{"line":145,"column":0},"end":{"line":145,"column":42}},"145":{"start":{"line":146,"column":0},"end":{"line":146,"column":23}},"146":{"start":{"line":147,"column":0},"end":{"line":147,"column":40}},"147":{"start":{"line":148,"column":0},"end":{"line":148,"column":77}},"148":{"start":{"line":149,"column":0},"end":{"line":149,"column":30}},"149":{"start":{"line":150,"column":0},"end":{"line":150,"column":30}},"150":{"start":{"line":151,"column":0},"end":{"line":151,"column":12}},"151":{"start":{"line":152,"column":0},"end":{"line":152,"column":14}},"153":{"start":{"line":154,"column":0},"end":{"line":154,"column":31}},"154":{"start":{"line":155,"column":0},"end":{"line":155,"column":70}},"156":{"start":{"line":157,"column":0},"end":{"line":157,"column":17}},"157":{"start":{"line":158,"column":0},"end":{"line":158,"column":83}},"159":{"start":{"line":160,"column":0},"end":{"line":160,"column":17}},"160":{"start":{"line":161,"column":0},"end":{"line":161,"column":12}},"161":{"start":{"line":162,"column":0},"end":{"line":162,"column":18}},"162":{"start":{"line":163,"column":0},"end":{"line":163,"column":10}},"164":{"start":{"line":165,"column":0},"end":{"line":165,"column":1}}},"s":{"0":1,"13":1,"14":1,"15":1,"16":1,"17":1,"18":1,"19":1,"20":1,"22":15,"23":15,"24":15,"25":15,"26":15,"28":40,"29":40,"30":40,"31":40,"32":40,"33":40,"34":40,"35":40,"36":40,"37":40,"38":40,"39":40,"40":40,"41":40,"42":40,"43":40,"44":40,"45":40,"46":40,"47":14,"48":26,"49":6,"50":20,"52":40,"53":34,"54":40,"56":40,"57":34,"58":28,"59":12,"60":12,"62":27,"63":1,"64":1,"65":1,"66":28,"68":34,"69":34,"70":40,"72":40,"73":27,"74":6,"75":6,"76":6,"78":27,"79":6,"80":6,"82":15,"83":26,"84":0,"85":0,"87":15,"88":15,"89":2,"90":1,"91":1,"92":13,"93":5,"94":8,"96":27,"97":27,"98":27,"100":40,"101":40,"102":40,"103":40,"104":40,"105":40,"106":40,"107":40,"108":40,"109":40,"110":40,"111":40,"112":40,"113":40,"117":40,"118":40,"119":40,"120":40,"121":40,"122":40,"123":40,"124":40,"125":40,"126":40,"127":6,"128":6,"129":6,"130":6,"131":6,"132":6,"133":6,"134":6,"135":6,"137":40,"138":20,"139":20,"140":20,"141":20,"142":20,"143":20,"144":20,"145":20,"146":20,"147":20,"148":20,"149":20,"150":20,"151":20,"153":40,"154":40,"156":40,"157":40,"159":40,"160":40,"161":40,"162":40,"164":40},"branchMap":{"0":{"type":"branch","line":23,"loc":{"start":{"line":23,"column":0},"end":{"line":27,"column":1}},"locations":[{"start":{"line":23,"column":0},"end":{"line":27,"column":1}}]},"1":{"type":"branch","line":25,"loc":{"start":{"line":25,"column":4},"end":{"line":25,"column":84}},"locations":[{"start":{"line":25,"column":4},"end":{"line":25,"column":84}}]},"2":{"type":"branch","line":29,"loc":{"start":{"line":29,"column":0},"end":{"line":165,"column":1}},"locations":[{"start":{"line":29,"column":0},"end":{"line":165,"column":1}}]},"3":{"type":"branch","line":47,"loc":{"start":{"line":47,"column":5},"end":{"line":47,"column":62}},"locations":[{"start":{"line":47,"column":5},"end":{"line":47,"column":62}}]},"4":{"type":"branch","line":47,"loc":{"start":{"line":47,"column":34},"end":{"line":48,"column":12}},"locations":[{"start":{"line":47,"column":34},"end":{"line":48,"column":12}}]},"5":{"type":"branch","line":48,"loc":{"start":{"line":48,"column":8},"end":{"line":51,"column":70}},"locations":[{"start":{"line":48,"column":8},"end":{"line":51,"column":70}}]},"6":{"type":"branch","line":49,"loc":{"start":{"line":49,"column":8},"end":{"line":50,"column":23}},"locations":[{"start":{"line":49,"column":8},"end":{"line":50,"column":23}}]},"7":{"type":"branch","line":50,"loc":{"start":{"line":50,"column":10},"end":{"line":51,"column":70}},"locations":[{"start":{"line":50,"column":10},"end":{"line":51,"column":70}}]},"8":{"type":"branch","line":124,"loc":{"start":{"line":124,"column":7},"end":{"line":124,"column":67}},"locations":[{"start":{"line":124,"column":7},"end":{"line":124,"column":67}}]},"9":{"type":"branch","line":127,"loc":{"start":{"line":127,"column":7},"end":{"line":136,"column":16}},"locations":[{"start":{"line":127,"column":7},"end":{"line":136,"column":16}}]},"10":{"type":"branch","line":138,"loc":{"start":{"line":138,"column":7},"end":{"line":152,"column":14}},"locations":[{"start":{"line":138,"column":7},"end":{"line":152,"column":14}}]},"11":{"type":"branch","line":53,"loc":{"start":{"line":53,"column":12},"end":{"line":55,"column":5}},"locations":[{"start":{"line":53,"column":12},"end":{"line":55,"column":5}}]},"12":{"type":"branch","line":57,"loc":{"start":{"line":57,"column":12},"end":{"line":71,"column":5}},"locations":[{"start":{"line":57,"column":12},"end":{"line":71,"column":5}}]},"13":{"type":"branch","line":58,"loc":{"start":{"line":58,"column":4},"end":{"line":67,"column":5}},"locations":[{"start":{"line":58,"column":4},"end":{"line":67,"column":5}}]},"14":{"type":"branch","line":59,"loc":{"start":{"line":59,"column":24},"end":{"line":59,"column":53}},"locations":[{"start":{"line":59,"column":24},"end":{"line":59,"column":53}}]},"15":{"type":"branch","line":59,"loc":{"start":{"line":59,"column":53},"end":{"line":61,"column":7}},"locations":[{"start":{"line":59,"column":53},"end":{"line":61,"column":7}}]},"16":{"type":"branch","line":61,"loc":{"start":{"line":61,"column":6},"end":{"line":66,"column":7}},"locations":[{"start":{"line":61,"column":6},"end":{"line":66,"column":7}}]},"17":{"type":"branch","line":61,"loc":{"start":{"line":61,"column":6},"end":{"line":63,"column":63}},"locations":[{"start":{"line":61,"column":6},"end":{"line":63,"column":63}}]},"18":{"type":"branch","line":63,"loc":{"start":{"line":63,"column":63},"end":{"line":66,"column":7}},"locations":[{"start":{"line":63,"column":63},"end":{"line":66,"column":7}}]},"19":{"type":"branch","line":70,"loc":{"start":{"line":70,"column":11},"end":{"line":70,"column":79}},"locations":[{"start":{"line":70,"column":11},"end":{"line":70,"column":79}}]},"20":{"type":"branch","line":73,"loc":{"start":{"line":73,"column":2},"end":{"line":99,"column":3}},"locations":[{"start":{"line":73,"column":2},"end":{"line":99,"column":3}}]},"21":{"type":"branch","line":74,"loc":{"start":{"line":74,"column":32},"end":{"line":77,"column":5}},"locations":[{"start":{"line":74,"column":32},"end":{"line":77,"column":5}}]},"22":{"type":"branch","line":77,"loc":{"start":{"line":77,"column":4},"end":{"line":79,"column":51}},"locations":[{"start":{"line":77,"column":4},"end":{"line":79,"column":51}}]},"23":{"type":"branch","line":77,"loc":{"start":{"line":77,"column":4},"end":{"line":79,"column":31}},"locations":[{"start":{"line":77,"column":4},"end":{"line":79,"column":31}}]},"24":{"type":"branch","line":79,"loc":{"start":{"line":79,"column":22},"end":{"line":79,"column":51}},"locations":[{"start":{"line":79,"column":22},"end":{"line":79,"column":51}}]},"25":{"type":"branch","line":79,"loc":{"start":{"line":79,"column":51},"end":{"line":92,"column":26}},"locations":[{"start":{"line":79,"column":51},"end":{"line":92,"column":26}}]},"26":{"type":"branch","line":79,"loc":{"start":{"line":79,"column":51},"end":{"line":81,"column":5}},"locations":[{"start":{"line":79,"column":51},"end":{"line":81,"column":5}}]},"27":{"type":"branch","line":81,"loc":{"start":{"line":81,"column":4},"end":{"line":84,"column":32}},"locations":[{"start":{"line":81,"column":4},"end":{"line":84,"column":32}}]},"28":{"type":"branch","line":84,"loc":{"start":{"line":84,"column":32},"end":{"line":86,"column":5}},"locations":[{"start":{"line":84,"column":32},"end":{"line":86,"column":5}}]},"29":{"type":"branch","line":86,"loc":{"start":{"line":86,"column":4},"end":{"line":89,"column":36}},"locations":[{"start":{"line":86,"column":4},"end":{"line":89,"column":36}}]},"30":{"type":"branch","line":89,"loc":{"start":{"line":89,"column":28},"end":{"line":92,"column":26}},"locations":[{"start":{"line":89,"column":28},"end":{"line":92,"column":26}}]},"31":{"type":"branch","line":90,"loc":{"start":{"line":90,"column":24},"end":{"line":91,"column":30}},"locations":[{"start":{"line":90,"column":24},"end":{"line":91,"column":30}}]},"32":{"type":"branch","line":91,"loc":{"start":{"line":91,"column":29},"end":{"line":92,"column":26}},"locations":[{"start":{"line":91,"column":29},"end":{"line":92,"column":26}}]},"33":{"type":"branch","line":92,"loc":{"start":{"line":92,"column":25},"end":{"line":95,"column":26}},"locations":[{"start":{"line":92,"column":25},"end":{"line":95,"column":26}}]},"34":{"type":"branch","line":93,"loc":{"start":{"line":93,"column":67},"end":{"line":94,"column":11}},"locations":[{"start":{"line":93,"column":67},"end":{"line":94,"column":11}}]},"35":{"type":"branch","line":94,"loc":{"start":{"line":94,"column":10},"end":{"line":95,"column":26}},"locations":[{"start":{"line":94,"column":10},"end":{"line":95,"column":26}}]},"36":{"type":"branch","line":133,"loc":{"start":{"line":133,"column":22},"end":{"line":133,"column":72}},"locations":[{"start":{"line":133,"column":22},"end":{"line":133,"column":72}}]},"37":{"type":"branch","line":148,"loc":{"start":{"line":148,"column":22},"end":{"line":148,"column":77}},"locations":[{"start":{"line":148,"column":22},"end":{"line":148,"column":77}}]}},"b":{"0":[15],"1":[33],"2":[40],"3":[34],"4":[14],"5":[26],"6":[6],"7":[20],"8":[29],"9":[6],"10":[20],"11":[34],"12":[34],"13":[28],"14":[16],"15":[12],"16":[27],"17":[16],"18":[1],"19":[34],"20":[27],"21":[6],"22":[26],"23":[21],"24":[15],"25":[26],"26":[6],"27":[15],"28":[0],"29":[15],"30":[2],"31":[1],"32":[1],"33":[13],"34":[5],"35":[8],"36":[2],"37":[3]},"fnMap":{"0":{"name":"focusableWithin","decl":{"start":{"line":23,"column":0},"end":{"line":27,"column":1}},"loc":{"start":{"line":23,"column":0},"end":{"line":27,"column":1}},"line":23},"1":{"name":"TierWarning","decl":{"start":{"line":29,"column":0},"end":{"line":165,"column":1}},"loc":{"start":{"line":29,"column":0},"end":{"line":165,"column":1}},"line":29},"2":{"name":"handleDocumentKeyDown","decl":{"start":{"line":58,"column":4},"end":{"line":67,"column":5}},"loc":{"start":{"line":58,"column":4},"end":{"line":67,"column":5}},"line":58},"3":{"name":"handleKeyDown","decl":{"start":{"line":73,"column":2},"end":{"line":99,"column":3}},"loc":{"start":{"line":73,"column":2},"end":{"line":99,"column":3}},"line":73},"4":{"name":"onChange","decl":{"start":{"line":133,"column":22},"end":{"line":133,"column":72}},"loc":{"start":{"line":133,"column":22},"end":{"line":133,"column":72}},"line":133},"5":{"name":"onChange","decl":{"start":{"line":148,"column":22},"end":{"line":148,"column":77}},"loc":{"start":{"line":148,"column":22},"end":{"line":148,"column":77}},"line":148}},"f":{"0":15,"1":40,"2":28,"3":27,"4":2,"5":3}}
}
